# Created at 2023-02-22T22:26:28.421
TestSet has not finished before stream error has appeared >> initializing exit by non-null configuration: DEFAULT
java.io.EOFException
	at java.base/java.io.DataInputStream.readInt(DataInputStream.java:398)
	at org.apache.maven.surefire.booter.MasterProcessCommand.decode(MasterProcessCommand.java:115)
	at org.apache.maven.surefire.booter.CommandReader$CommandRunnable.run(CommandReader.java:391)
	at java.base/java.lang.Thread.run(Thread.java:1589)


# Created at 2023-02-22T22:26:31.474
Unexpected IOException with stream: org.openqa.selenium.NoSuchWindowException: no such window: target window already closed
from unknown error: web view not found
  (Session info: chrome=110.0.5481.104)
Build info: version: '3.141.59', revision: 'e82be7d358', time: '2018-11-14T08:17:03'
System info: host: 'TABLET-7QLDR4EO', ip: '192.168.8.180', os.name: 'Windows 11', os.arch: 'amd64', os.version: '10.0', java.version: '19.0.2'
Driver info: org.openqa.selenium.chrome.ChromeDriver
Capabilities {acceptInsecureCerts: false, browserName: chrome, browserVersion: 110.0.5481.104, chrome: {chromedriverVersion: 110.0.5481.77 (65ed616c6e8e..., userDataDir: C:\Users\AKSUMU~1\AppData\L...}, goog:chromeOptions: {debuggerAddress: localhost:58227}, javascriptEnabled: true, networkConnectionEnabled: false, pageLoadStrategy: normal, platform: WINDOWS, platformName: WINDOWS, proxy: Proxy(), setWindowRect: true, strictFileInteractability: false, timeouts: {implicit: 0, pageLoad: 300000, script: 30000}, unhandledPromptBehavior: dismiss and notify, webauthn:extension:credBlob: true, webauthn:extension:largeBlob: true, webauthn:virtualAuthenticators: true}
Session ID: cb94ecce79161d4979b584a7619dc92e
*** Element info: {Using=xpath, value=//span[normalize-space()='Activities' and contains(@class, 'title title-level-1')]}

# Created at 2023-02-22T22:26:31.480
Unexpected IOException with stream: 


# Created at 2023-02-22T22:26:31.481
Unexpected IOException with stream: 	at java.base/jdk.internal.reflect.DirectConstructorHandleAccessor.newInstance(DirectConstructorHandleAccessor.java:67)

# Created at 2023-02-22T22:26:31.482
Unexpected IOException with stream: 


# Created at 2023-02-22T22:26:31.483
Unexpected IOException with stream: 	at java.base/java.lang.reflect.Constructor.newInstanceWithCaller(Constructor.java:500)

# Created at 2023-02-22T22:26:31.483
Unexpected IOException with stream: 


# Created at 2023-02-22T22:26:31.484
Unexpected IOException with stream: 	at java.base/java.lang.reflect.Constructor.newInstance(Constructor.java:484)

# Created at 2023-02-22T22:26:31.485
Unexpected IOException with stream: 


# Created at 2023-02-22T22:26:31.486
Unexpected IOException with stream: 	at org.openqa.selenium.remote.http.W3CHttpResponseCodec.createException(W3CHttpResponseCodec.java:187)

# Created at 2023-02-22T22:26:31.487
Unexpected IOException with stream: 


# Created at 2023-02-22T22:26:31.488
Unexpected IOException with stream: 	at org.openqa.selenium.remote.http.W3CHttpResponseCodec.decode(W3CHttpResponseCodec.java:122)

# Created at 2023-02-22T22:26:31.489
Unexpected IOException with stream: 


# Created at 2023-02-22T22:26:31.489
Unexpected IOException with stream: 	at org.openqa.selenium.remote.http.W3CHttpResponseCodec.decode(W3CHttpResponseCodec.java:49)

# Created at 2023-02-22T22:26:31.490
Unexpected IOException with stream: 


# Created at 2023-02-22T22:26:31.491
Unexpected IOException with stream: 	at org.openqa.selenium.remote.HttpCommandExecutor.execute(HttpCommandExecutor.java:158)

# Created at 2023-02-22T22:26:31.491
Unexpected IOException with stream: 


# Created at 2023-02-22T22:26:31.492
Unexpected IOException with stream: 	at org.openqa.selenium.remote.service.DriverCommandExecutor.execute(DriverCommandExecutor.java:83)

# Created at 2023-02-22T22:26:31.492
Unexpected IOException with stream: 


# Created at 2023-02-22T22:26:31.493
Unexpected IOException with stream: 	at org.openqa.selenium.remote.RemoteWebDriver.execute(RemoteWebDriver.java:552)

# Created at 2023-02-22T22:26:31.493
Unexpected IOException with stream: 


# Created at 2023-02-22T22:26:31.494
Unexpected IOException with stream: 	at org.openqa.selenium.remote.RemoteWebDriver.findElement(RemoteWebDriver.java:323)

# Created at 2023-02-22T22:26:31.494
Unexpected IOException with stream: 


# Created at 2023-02-22T22:26:31.495
Unexpected IOException with stream: 	at org.openqa.selenium.remote.RemoteWebDriver.findElementByXPath(RemoteWebDriver.java:428)

# Created at 2023-02-22T22:26:31.496
Unexpected IOException with stream: 


# Created at 2023-02-22T22:26:31.496
Unexpected IOException with stream: 	at org.openqa.selenium.By$ByXPath.findElement(By.java:353)

# Created at 2023-02-22T22:26:31.497
Unexpected IOException with stream: 


# Created at 2023-02-22T22:26:31.497
Unexpected IOException with stream: 	at org.openqa.selenium.remote.RemoteWebDriver.findElement(RemoteWebDriver.java:315)

# Created at 2023-02-22T22:26:31.497
Unexpected IOException with stream: 


# Created at 2023-02-22T22:26:31.498
Unexpected IOException with stream: 	at com.vytrack.utilities.BrowserUtils.clickWithWait(BrowserUtils.java:353)

# Created at 2023-02-22T22:26:31.499
Unexpected IOException with stream: 


# Created at 2023-02-22T22:26:31.499
Unexpected IOException with stream: 	at com.vytrack.pages.BasePage.navigateToModule(BasePage.java:104)

# Created at 2023-02-22T22:26:31.499
Unexpected IOException with stream: 


# Created at 2023-02-22T22:26:31.500
Unexpected IOException with stream: 	at com.vytrack.step_definitions.NavigationMenuStepDefs.the_user_navigates_to(NavigationMenuStepDefs.java:51)

# Created at 2023-02-22T22:26:31.500
Unexpected IOException with stream: 


# Created at 2023-02-22T22:26:31.501
Unexpected IOException with stream: 	at java.base/jdk.internal.reflect.DirectMethodHandleAccessor.invoke(DirectMethodHandleAccessor.java:104)

# Created at 2023-02-22T22:26:31.502
Unexpected IOException with stream: 


# Created at 2023-02-22T22:26:31.503
Unexpected IOException with stream: 	at java.base/java.lang.reflect.Method.invoke(Method.java:578)

# Created at 2023-02-22T22:26:31.504
Unexpected IOException with stream: 


# Created at 2023-02-22T22:26:31.504
Unexpected IOException with stream: 	at io.cucumber.java.Invoker.invoke(Invoker.java:27)

# Created at 2023-02-22T22:26:31.506
Unexpected IOException with stream: 


# Created at 2023-02-22T22:26:31.506
Unexpected IOException with stream: 	at io.cucumber.java.JavaStepDefinition.execute(JavaStepDefinition.java:27)

# Created at 2023-02-22T22:26:31.507
Unexpected IOException with stream: 


# Created at 2023-02-22T22:26:31.507
Unexpected IOException with stream: 	at io.cucumber.core.runner.PickleStepDefinitionMatch.runStep(PickleStepDefinitionMatch.java:63)

# Created at 2023-02-22T22:26:31.508
Unexpected IOException with stream: 


# Created at 2023-02-22T22:26:31.508
Unexpected IOException with stream: 	at io.cucumber.core.runner.TestStep.executeStep(TestStep.java:64)

# Created at 2023-02-22T22:26:31.509
Unexpected IOException with stream: 


# Created at 2023-02-22T22:26:31.509
Unexpected IOException with stream: 	at io.cucumber.core.runner.TestStep.run(TestStep.java:49)

# Created at 2023-02-22T22:26:31.509
Unexpected IOException with stream: 


# Created at 2023-02-22T22:26:31.510
Unexpected IOException with stream: 	at io.cucumber.core.runner.PickleStepTestStep.run(PickleStepTestStep.java:46)

# Created at 2023-02-22T22:26:31.510
Unexpected IOException with stream: 


# Created at 2023-02-22T22:26:31.511
Unexpected IOException with stream: 	at io.cucumber.core.runner.TestCase.run(TestCase.java:51)

# Created at 2023-02-22T22:26:31.511
Unexpected IOException with stream: 


# Created at 2023-02-22T22:26:31.512
Unexpected IOException with stream: 	at io.cucumber.core.runner.Runner.runPickle(Runner.java:67)

# Created at 2023-02-22T22:26:31.512
Unexpected IOException with stream: 


# Created at 2023-02-22T22:26:31.513
Unexpected IOException with stream: 	at io.cucumber.junit.PickleRunners$NoStepDescriptions.run(PickleRunners.java:149)

# Created at 2023-02-22T22:26:31.513
Unexpected IOException with stream: 


# Created at 2023-02-22T22:26:31.514
Unexpected IOException with stream: 	at io.cucumber.junit.FeatureRunner.runChild(FeatureRunner.java:83)

# Created at 2023-02-22T22:26:31.514
Unexpected IOException with stream: 


# Created at 2023-02-22T22:26:31.514
Unexpected IOException with stream: 	at io.cucumber.junit.FeatureRunner.runChild(FeatureRunner.java:24)

# Created at 2023-02-22T22:26:31.515
Unexpected IOException with stream: 


# Created at 2023-02-22T22:26:31.515
Unexpected IOException with stream: 	at org.junit.runners.ParentRunner$4.run(ParentRunner.java:331)

# Created at 2023-02-22T22:26:31.516
Unexpected IOException with stream: 


# Created at 2023-02-22T22:26:31.516
Unexpected IOException with stream: 	at org.junit.runners.ParentRunner$1.schedule(ParentRunner.java:79)

# Created at 2023-02-22T22:26:31.517
Unexpected IOException with stream: 


# Created at 2023-02-22T22:26:31.518
Unexpected IOException with stream: 	at org.junit.runners.ParentRunner.runChildren(ParentRunner.java:329)

# Created at 2023-02-22T22:26:31.519
Unexpected IOException with stream: 


# Created at 2023-02-22T22:26:31.520
Unexpected IOException with stream: 	at org.junit.runners.ParentRunner.access$100(ParentRunner.java:66)

# Created at 2023-02-22T22:26:31.521
Unexpected IOException with stream: 


# Created at 2023-02-22T22:26:31.521
Unexpected IOException with stream: 	at org.junit.runners.ParentRunner$2.evaluate(ParentRunner.java:293)

# Created at 2023-02-22T22:26:31.522
Unexpected IOException with stream: 


# Created at 2023-02-22T22:26:31.523
Unexpected IOException with stream: 	at org.junit.runners.ParentRunner$3.evaluate(ParentRunner.java:306)

# Created at 2023-02-22T22:26:31.523
Unexpected IOException with stream: 


# Created at 2023-02-22T22:26:31.524
Unexpected IOException with stream: 	at org.junit.runners.ParentRunner.run(ParentRunner.java:413)

# Created at 2023-02-22T22:26:31.524
Unexpected IOException with stream: 


# Created at 2023-02-22T22:26:31.525
Unexpected IOException with stream: 	at io.cucumber.junit.Cucumber.runChild(Cucumber.java:185)

# Created at 2023-02-22T22:26:31.525
Unexpected IOException with stream: 


# Created at 2023-02-22T22:26:31.526
Unexpected IOException with stream: 	at io.cucumber.junit.Cucumber.runChild(Cucumber.java:83)

# Created at 2023-02-22T22:26:31.526
Unexpected IOException with stream: 


# Created at 2023-02-22T22:26:31.527
Unexpected IOException with stream: 	at org.junit.runners.ParentRunner$4.run(ParentRunner.java:331)

# Created at 2023-02-22T22:26:31.527
Unexpected IOException with stream: 


# Created at 2023-02-22T22:26:31.528
Unexpected IOException with stream: 	at org.junit.runners.ParentRunner$1.schedule(ParentRunner.java:79)

# Created at 2023-02-22T22:26:31.528
Unexpected IOException with stream: 


# Created at 2023-02-22T22:26:31.529
Unexpected IOException with stream: 	at org.junit.runners.ParentRunner.runChildren(ParentRunner.java:329)

# Created at 2023-02-22T22:26:31.529
Unexpected IOException with stream: 


# Created at 2023-02-22T22:26:31.529
Unexpected IOException with stream: 	at org.junit.runners.ParentRunner.access$100(ParentRunner.java:66)

# Created at 2023-02-22T22:26:31.530
Unexpected IOException with stream: 


# Created at 2023-02-22T22:26:31.530
Unexpected IOException with stream: 	at org.junit.runners.ParentRunner$2.evaluate(ParentRunner.java:293)

# Created at 2023-02-22T22:26:31.532
Unexpected IOException with stream: 


# Created at 2023-02-22T22:26:31.532
Unexpected IOException with stream: 	at io.cucumber.junit.Cucumber$RunCucumber.evaluate(Cucumber.java:219)

# Created at 2023-02-22T22:26:31.533
Unexpected IOException with stream: 


# Created at 2023-02-22T22:26:31.535
Unexpected IOException with stream: 	at org.junit.runners.ParentRunner$3.evaluate(ParentRunner.java:306)

# Created at 2023-02-22T22:26:31.537
Unexpected IOException with stream: 


# Created at 2023-02-22T22:26:31.539
Unexpected IOException with stream: 	at org.junit.runners.ParentRunner.run(ParentRunner.java:413)

# Created at 2023-02-22T22:26:31.540
Unexpected IOException with stream: 


# Created at 2023-02-22T22:26:31.540
Unexpected IOException with stream: 	at org.apache.maven.surefire.junit4.JUnit4Provider.execute(JUnit4Provider.java:365)

# Created at 2023-02-22T22:26:31.540
Unexpected IOException with stream: 


# Created at 2023-02-22T22:26:31.541
Unexpected IOException with stream: 	at org.apache.maven.surefire.junit4.JUnit4Provider.executeWithRerun(JUnit4Provider.java:273)

# Created at 2023-02-22T22:26:31.541
Unexpected IOException with stream: 


# Created at 2023-02-22T22:26:31.541
Unexpected IOException with stream: 	at org.apache.maven.surefire.junit4.JUnit4Provider.executeTestSet(JUnit4Provider.java:238)

# Created at 2023-02-22T22:26:31.541
Unexpected IOException with stream: 


# Created at 2023-02-22T22:26:31.542
Unexpected IOException with stream: 	at org.apache.maven.surefire.junit4.JUnit4Provider.invoke(JUnit4Provider.java:159)

# Created at 2023-02-22T22:26:31.542
Unexpected IOException with stream: 


# Created at 2023-02-22T22:26:31.542
Unexpected IOException with stream: 	at org.apache.maven.surefire.booter.ForkedBooter.invokeProviderInSameClassLoader(ForkedBooter.java:384)

# Created at 2023-02-22T22:26:31.542
Unexpected IOException with stream: 


# Created at 2023-02-22T22:26:31.543
Unexpected IOException with stream: 	at org.apache.maven.surefire.booter.ForkedBooter.runSuitesInProcess(ForkedBooter.java:345)

# Created at 2023-02-22T22:26:31.543
Unexpected IOException with stream: 


# Created at 2023-02-22T22:26:31.544
Unexpected IOException with stream: 	at org.apache.maven.surefire.booter.ForkedBooter.execute(ForkedBooter.java:126)

# Created at 2023-02-22T22:26:31.544
Unexpected IOException with stream: 


# Created at 2023-02-22T22:26:31.545
Unexpected IOException with stream: 	at org.apache.maven.surefire.booter.ForkedBooter.main(ForkedBooter.java:418)

# Created at 2023-02-22T22:26:31.546
Unexpected IOException with stream: 


# Created at 2023-02-22T22:26:32.553
Unexpected IOException with stream: org.openqa.selenium.NoSuchWindowException: no such window: target window already closed
from unknown error: web view not found
  (Session info: chrome=110.0.5481.104)
Build info: version: '3.141.59', revision: 'e82be7d358', time: '2018-11-14T08:17:03'
System info: host: 'TABLET-7QLDR4EO', ip: '192.168.8.180', os.name: 'Windows 11', os.arch: 'amd64', os.version: '10.0', java.version: '19.0.2'
Driver info: org.openqa.selenium.chrome.ChromeDriver
Capabilities {acceptInsecureCerts: false, browserName: chrome, browserVersion: 110.0.5481.104, chrome: {chromedriverVersion: 110.0.5481.77 (65ed616c6e8e..., userDataDir: C:\Users\AKSUMU~1\AppData\L...}, goog:chromeOptions: {debuggerAddress: localhost:58227}, javascriptEnabled: true, networkConnectionEnabled: false, pageLoadStrategy: normal, platform: WINDOWS, platformName: WINDOWS, proxy: Proxy(), setWindowRect: true, strictFileInteractability: false, timeouts: {implicit: 0, pageLoad: 300000, script: 30000}, unhandledPromptBehavior: dismiss and notify, webauthn:extension:credBlob: true, webauthn:extension:largeBlob: true, webauthn:virtualAuthenticators: true}
Session ID: cb94ecce79161d4979b584a7619dc92e
*** Element info: {Using=xpath, value=//span[normalize-space()='Activities' and contains(@class, 'title title-level-1')]}

# Created at 2023-02-22T22:26:32.553
Unexpected IOException with stream: 


# Created at 2023-02-22T22:26:32.553
Unexpected IOException with stream: 	at java.base/jdk.internal.reflect.DirectConstructorHandleAccessor.newInstance(DirectConstructorHandleAccessor.java:67)

# Created at 2023-02-22T22:26:32.560
Unexpected IOException with stream: 


# Created at 2023-02-22T22:26:32.561
Unexpected IOException with stream: 	at java.base/java.lang.reflect.Constructor.newInstanceWithCaller(Constructor.java:500)

# Created at 2023-02-22T22:26:32.561
Unexpected IOException with stream: 


# Created at 2023-02-22T22:26:32.561
Unexpected IOException with stream: 	at java.base/java.lang.reflect.Constructor.newInstance(Constructor.java:484)

# Created at 2023-02-22T22:26:32.561
Unexpected IOException with stream: 


# Created at 2023-02-22T22:26:32.561
Unexpected IOException with stream: 	at org.openqa.selenium.remote.http.W3CHttpResponseCodec.createException(W3CHttpResponseCodec.java:187)

# Created at 2023-02-22T22:26:32.561
Unexpected IOException with stream: 


# Created at 2023-02-22T22:26:32.561
Unexpected IOException with stream: 	at org.openqa.selenium.remote.http.W3CHttpResponseCodec.decode(W3CHttpResponseCodec.java:122)

# Created at 2023-02-22T22:26:32.569
Unexpected IOException with stream: 


# Created at 2023-02-22T22:26:32.571
Unexpected IOException with stream: 	at org.openqa.selenium.remote.http.W3CHttpResponseCodec.decode(W3CHttpResponseCodec.java:49)

# Created at 2023-02-22T22:26:32.571
Unexpected IOException with stream: 


# Created at 2023-02-22T22:26:32.571
Unexpected IOException with stream: 	at org.openqa.selenium.remote.HttpCommandExecutor.execute(HttpCommandExecutor.java:158)

# Created at 2023-02-22T22:26:32.571
Unexpected IOException with stream: 


# Created at 2023-02-22T22:26:32.571
Unexpected IOException with stream: 	at org.openqa.selenium.remote.service.DriverCommandExecutor.execute(DriverCommandExecutor.java:83)

# Created at 2023-02-22T22:26:32.571
Unexpected IOException with stream: 


# Created at 2023-02-22T22:26:32.571
Unexpected IOException with stream: 	at org.openqa.selenium.remote.RemoteWebDriver.execute(RemoteWebDriver.java:552)

# Created at 2023-02-22T22:26:32.571
Unexpected IOException with stream: 


# Created at 2023-02-22T22:26:32.577
Unexpected IOException with stream: 	at org.openqa.selenium.remote.RemoteWebDriver.findElement(RemoteWebDriver.java:323)

# Created at 2023-02-22T22:26:32.578
Unexpected IOException with stream: 


# Created at 2023-02-22T22:26:32.578
Unexpected IOException with stream: 	at org.openqa.selenium.remote.RemoteWebDriver.findElementByXPath(RemoteWebDriver.java:428)

# Created at 2023-02-22T22:26:32.578
Unexpected IOException with stream: 


# Created at 2023-02-22T22:26:32.581
Unexpected IOException with stream: 	at org.openqa.selenium.By$ByXPath.findElement(By.java:353)

# Created at 2023-02-22T22:26:32.581
Unexpected IOException with stream: 


# Created at 2023-02-22T22:26:32.581
Unexpected IOException with stream: 	at org.openqa.selenium.remote.RemoteWebDriver.findElement(RemoteWebDriver.java:315)

# Created at 2023-02-22T22:26:32.581
Unexpected IOException with stream: 


# Created at 2023-02-22T22:26:32.581
Unexpected IOException with stream: 	at com.vytrack.utilities.BrowserUtils.clickWithWait(BrowserUtils.java:353)

# Created at 2023-02-22T22:26:32.581
Unexpected IOException with stream: 


# Created at 2023-02-22T22:26:32.581
Unexpected IOException with stream: 	at com.vytrack.pages.BasePage.navigateToModule(BasePage.java:104)

# Created at 2023-02-22T22:26:32.586
Unexpected IOException with stream: 


# Created at 2023-02-22T22:26:32.586
Unexpected IOException with stream: 	at com.vytrack.step_definitions.NavigationMenuStepDefs.the_user_navigates_to(NavigationMenuStepDefs.java:51)

# Created at 2023-02-22T22:26:32.587
Unexpected IOException with stream: 


# Created at 2023-02-22T22:26:32.587
Unexpected IOException with stream: 	at java.base/jdk.internal.reflect.DirectMethodHandleAccessor.invoke(DirectMethodHandleAccessor.java:104)

# Created at 2023-02-22T22:26:32.587
Unexpected IOException with stream: 


# Created at 2023-02-22T22:26:32.587
Unexpected IOException with stream: 	at java.base/java.lang.reflect.Method.invoke(Method.java:578)

# Created at 2023-02-22T22:26:32.587
Unexpected IOException with stream: 


# Created at 2023-02-22T22:26:32.587
Unexpected IOException with stream: 	at io.cucumber.java.Invoker.invoke(Invoker.java:27)

# Created at 2023-02-22T22:26:32.587
Unexpected IOException with stream: 


# Created at 2023-02-22T22:26:32.591
Unexpected IOException with stream: 	at io.cucumber.java.JavaStepDefinition.execute(JavaStepDefinition.java:27)

# Created at 2023-02-22T22:26:32.591
Unexpected IOException with stream: 


# Created at 2023-02-22T22:26:32.591
Unexpected IOException with stream: 	at io.cucumber.core.runner.PickleStepDefinitionMatch.runStep(PickleStepDefinitionMatch.java:63)

# Created at 2023-02-22T22:26:32.591
Unexpected IOException with stream: 


# Created at 2023-02-22T22:26:32.591
Unexpected IOException with stream: 	at io.cucumber.core.runner.TestStep.executeStep(TestStep.java:64)

# Created at 2023-02-22T22:26:32.593
Unexpected IOException with stream: 


# Created at 2023-02-22T22:26:32.593
Unexpected IOException with stream: 	at io.cucumber.core.runner.TestStep.run(TestStep.java:49)

# Created at 2023-02-22T22:26:32.593
Unexpected IOException with stream: 


# Created at 2023-02-22T22:26:32.593
Unexpected IOException with stream: 	at io.cucumber.core.runner.PickleStepTestStep.run(PickleStepTestStep.java:46)

# Created at 2023-02-22T22:26:32.593
Unexpected IOException with stream: 


# Created at 2023-02-22T22:26:32.593
Unexpected IOException with stream: 	at io.cucumber.core.runner.TestCase.run(TestCase.java:51)

# Created at 2023-02-22T22:26:32.593
Unexpected IOException with stream: 


# Created at 2023-02-22T22:26:32.593
Unexpected IOException with stream: 	at io.cucumber.core.runner.Runner.runPickle(Runner.java:67)

# Created at 2023-02-22T22:26:32.593
Unexpected IOException with stream: 


# Created at 2023-02-22T22:26:32.593
Unexpected IOException with stream: 	at io.cucumber.junit.PickleRunners$NoStepDescriptions.run(PickleRunners.java:149)

# Created at 2023-02-22T22:26:32.593
Unexpected IOException with stream: 


# Created at 2023-02-22T22:26:32.593
Unexpected IOException with stream: 	at io.cucumber.junit.FeatureRunner.runChild(FeatureRunner.java:83)

# Created at 2023-02-22T22:26:32.593
Unexpected IOException with stream: 


# Created at 2023-02-22T22:26:32.593
Unexpected IOException with stream: 	at io.cucumber.junit.FeatureRunner.runChild(FeatureRunner.java:24)

# Created at 2023-02-22T22:26:32.593
Unexpected IOException with stream: 


# Created at 2023-02-22T22:26:32.593
Unexpected IOException with stream: 	at org.junit.runners.ParentRunner$4.run(ParentRunner.java:331)

# Created at 2023-02-22T22:26:32.593
Unexpected IOException with stream: 


# Created at 2023-02-22T22:26:32.593
Unexpected IOException with stream: 	at org.junit.runners.ParentRunner$1.schedule(ParentRunner.java:79)

# Created at 2023-02-22T22:26:32.593
Unexpected IOException with stream: 


# Created at 2023-02-22T22:26:32.593
Unexpected IOException with stream: 	at org.junit.runners.ParentRunner.runChildren(ParentRunner.java:329)

# Created at 2023-02-22T22:26:32.593
Unexpected IOException with stream: 


# Created at 2023-02-22T22:26:32.593
Unexpected IOException with stream: 	at org.junit.runners.ParentRunner.access$100(ParentRunner.java:66)

# Created at 2023-02-22T22:26:32.601
Unexpected IOException with stream: 


# Created at 2023-02-22T22:26:32.601
Unexpected IOException with stream: 	at org.junit.runners.ParentRunner$2.evaluate(ParentRunner.java:293)

# Created at 2023-02-22T22:26:32.601
Unexpected IOException with stream: 


# Created at 2023-02-22T22:26:32.601
Unexpected IOException with stream: 	at org.junit.runners.ParentRunner$3.evaluate(ParentRunner.java:306)

# Created at 2023-02-22T22:26:32.601
Unexpected IOException with stream: 


# Created at 2023-02-22T22:26:32.604
Unexpected IOException with stream: 	at org.junit.runners.ParentRunner.run(ParentRunner.java:413)

# Created at 2023-02-22T22:26:32.604
Unexpected IOException with stream: 


# Created at 2023-02-22T22:26:32.604
Unexpected IOException with stream: 	at io.cucumber.junit.Cucumber.runChild(Cucumber.java:185)

# Created at 2023-02-22T22:26:32.604
Unexpected IOException with stream: 


# Created at 2023-02-22T22:26:32.604
Unexpected IOException with stream: 	at io.cucumber.junit.Cucumber.runChild(Cucumber.java:83)

# Created at 2023-02-22T22:26:32.604
Unexpected IOException with stream: 


# Created at 2023-02-22T22:26:32.606
Unexpected IOException with stream: 	at org.junit.runners.ParentRunner$4.run(ParentRunner.java:331)

# Created at 2023-02-22T22:26:32.606
Unexpected IOException with stream: 


# Created at 2023-02-22T22:26:32.606
Unexpected IOException with stream: 	at org.junit.runners.ParentRunner$1.schedule(ParentRunner.java:79)

# Created at 2023-02-22T22:26:32.606
Unexpected IOException with stream: 


# Created at 2023-02-22T22:26:32.606
Unexpected IOException with stream: 	at org.junit.runners.ParentRunner.runChildren(ParentRunner.java:329)

# Created at 2023-02-22T22:26:32.606
Unexpected IOException with stream: 


# Created at 2023-02-22T22:26:32.606
Unexpected IOException with stream: 	at org.junit.runners.ParentRunner.access$100(ParentRunner.java:66)

# Created at 2023-02-22T22:26:32.609
Unexpected IOException with stream: 


# Created at 2023-02-22T22:26:32.609
Unexpected IOException with stream: 	at org.junit.runners.ParentRunner$2.evaluate(ParentRunner.java:293)

# Created at 2023-02-22T22:26:32.609
Unexpected IOException with stream: 


# Created at 2023-02-22T22:26:32.609
Unexpected IOException with stream: 	at io.cucumber.junit.Cucumber$RunCucumber.evaluate(Cucumber.java:219)

# Created at 2023-02-22T22:26:32.611
Unexpected IOException with stream: 


# Created at 2023-02-22T22:26:32.611
Unexpected IOException with stream: 	at org.junit.runners.ParentRunner$3.evaluate(ParentRunner.java:306)

# Created at 2023-02-22T22:26:32.611
Unexpected IOException with stream: 


# Created at 2023-02-22T22:26:32.611
Unexpected IOException with stream: 	at org.junit.runners.ParentRunner.run(ParentRunner.java:413)

# Created at 2023-02-22T22:26:32.611
Unexpected IOException with stream: 


# Created at 2023-02-22T22:26:32.611
Unexpected IOException with stream: 	at org.apache.maven.surefire.junit4.JUnit4Provider.execute(JUnit4Provider.java:365)

# Created at 2023-02-22T22:26:32.611
Unexpected IOException with stream: 


# Created at 2023-02-22T22:26:32.611
Unexpected IOException with stream: 	at org.apache.maven.surefire.junit4.JUnit4Provider.executeWithRerun(JUnit4Provider.java:273)

# Created at 2023-02-22T22:26:32.611
Unexpected IOException with stream: 


# Created at 2023-02-22T22:26:32.611
Unexpected IOException with stream: 	at org.apache.maven.surefire.junit4.JUnit4Provider.executeTestSet(JUnit4Provider.java:238)

# Created at 2023-02-22T22:26:32.611
Unexpected IOException with stream: 


# Created at 2023-02-22T22:26:32.611
Unexpected IOException with stream: 	at org.apache.maven.surefire.junit4.JUnit4Provider.invoke(JUnit4Provider.java:159)

# Created at 2023-02-22T22:26:32.611
Unexpected IOException with stream: 


# Created at 2023-02-22T22:26:32.611
Unexpected IOException with stream: 	at org.apache.maven.surefire.booter.ForkedBooter.invokeProviderInSameClassLoader(ForkedBooter.java:384)

# Created at 2023-02-22T22:26:32.611
Unexpected IOException with stream: 


# Created at 2023-02-22T22:26:32.611
Unexpected IOException with stream: 	at org.apache.maven.surefire.booter.ForkedBooter.runSuitesInProcess(ForkedBooter.java:345)

# Created at 2023-02-22T22:26:32.611
Unexpected IOException with stream: 


# Created at 2023-02-22T22:26:32.616
Unexpected IOException with stream: 	at org.apache.maven.surefire.booter.ForkedBooter.execute(ForkedBooter.java:126)

# Created at 2023-02-22T22:26:32.616
Unexpected IOException with stream: 


# Created at 2023-02-22T22:26:32.616
Unexpected IOException with stream: 	at org.apache.maven.surefire.booter.ForkedBooter.main(ForkedBooter.java:418)

# Created at 2023-02-22T22:26:32.616
Unexpected IOException with stream: 


# Created at 2023-02-22T22:26:33.621
Unexpected IOException with stream: org.openqa.selenium.NoSuchWindowException: no such window: target window already closed
from unknown error: web view not found
  (Session info: chrome=110.0.5481.104)
Build info: version: '3.141.59', revision: 'e82be7d358', time: '2018-11-14T08:17:03'
System info: host: 'TABLET-7QLDR4EO', ip: '192.168.8.180', os.name: 'Windows 11', os.arch: 'amd64', os.version: '10.0', java.version: '19.0.2'
Driver info: org.openqa.selenium.chrome.ChromeDriver
Capabilities {acceptInsecureCerts: false, browserName: chrome, browserVersion: 110.0.5481.104, chrome: {chromedriverVersion: 110.0.5481.77 (65ed616c6e8e..., userDataDir: C:\Users\AKSUMU~1\AppData\L...}, goog:chromeOptions: {debuggerAddress: localhost:58227}, javascriptEnabled: true, networkConnectionEnabled: false, pageLoadStrategy: normal, platform: WINDOWS, platformName: WINDOWS, proxy: Proxy(), setWindowRect: true, strictFileInteractability: false, timeouts: {implicit: 0, pageLoad: 300000, script: 30000}, unhandledPromptBehavior: dismiss and notify, webauthn:extension:credBlob: true, webauthn:extension:largeBlob: true, webauthn:virtualAuthenticators: true}
Session ID: cb94ecce79161d4979b584a7619dc92e
*** Element info: {Using=xpath, value=//span[normalize-space()='Activities' and contains(@class, 'title title-level-1')]}

# Created at 2023-02-22T22:26:33.621
Unexpected IOException with stream: 


# Created at 2023-02-22T22:26:33.629
Unexpected IOException with stream: 	at java.base/jdk.internal.reflect.DirectConstructorHandleAccessor.newInstance(DirectConstructorHandleAccessor.java:67)

# Created at 2023-02-22T22:26:33.629
Unexpected IOException with stream: 


# Created at 2023-02-22T22:26:33.630
Unexpected IOException with stream: 	at java.base/java.lang.reflect.Constructor.newInstanceWithCaller(Constructor.java:500)

# Created at 2023-02-22T22:26:33.630
Unexpected IOException with stream: 


# Created at 2023-02-22T22:26:33.630
Unexpected IOException with stream: 	at java.base/java.lang.reflect.Constructor.newInstance(Constructor.java:484)

# Created at 2023-02-22T22:26:33.630
Unexpected IOException with stream: 


# Created at 2023-02-22T22:26:33.630
Unexpected IOException with stream: 	at org.openqa.selenium.remote.http.W3CHttpResponseCodec.createException(W3CHttpResponseCodec.java:187)

# Created at 2023-02-22T22:26:33.630
Unexpected IOException with stream: 


# Created at 2023-02-22T22:26:33.630
Unexpected IOException with stream: 	at org.openqa.selenium.remote.http.W3CHttpResponseCodec.decode(W3CHttpResponseCodec.java:122)

# Created at 2023-02-22T22:26:33.630
Unexpected IOException with stream: 


# Created at 2023-02-22T22:26:33.637
Unexpected IOException with stream: 	at org.openqa.selenium.remote.http.W3CHttpResponseCodec.decode(W3CHttpResponseCodec.java:49)

# Created at 2023-02-22T22:26:33.637
Unexpected IOException with stream: 


# Created at 2023-02-22T22:26:33.637
Unexpected IOException with stream: 	at org.openqa.selenium.remote.HttpCommandExecutor.execute(HttpCommandExecutor.java:158)

# Created at 2023-02-22T22:26:33.637
Unexpected IOException with stream: 


# Created at 2023-02-22T22:26:33.637
Unexpected IOException with stream: 	at org.openqa.selenium.remote.service.DriverCommandExecutor.execute(DriverCommandExecutor.java:83)

# Created at 2023-02-22T22:26:33.637
Unexpected IOException with stream: 


# Created at 2023-02-22T22:26:33.641
Unexpected IOException with stream: 	at org.openqa.selenium.remote.RemoteWebDriver.execute(RemoteWebDriver.java:552)

# Created at 2023-02-22T22:26:33.641
Unexpected IOException with stream: 


# Created at 2023-02-22T22:26:33.641
Unexpected IOException with stream: 	at org.openqa.selenium.remote.RemoteWebDriver.findElement(RemoteWebDriver.java:323)

# Created at 2023-02-22T22:26:33.641
Unexpected IOException with stream: 


# Created at 2023-02-22T22:26:33.641
Unexpected IOException with stream: 	at org.openqa.selenium.remote.RemoteWebDriver.findElementByXPath(RemoteWebDriver.java:428)

# Created at 2023-02-22T22:26:33.641
Unexpected IOException with stream: 


# Created at 2023-02-22T22:26:33.641
Unexpected IOException with stream: 	at org.openqa.selenium.By$ByXPath.findElement(By.java:353)

# Created at 2023-02-22T22:26:33.641
Unexpected IOException with stream: 


# Created at 2023-02-22T22:26:33.641
Unexpected IOException with stream: 	at org.openqa.selenium.remote.RemoteWebDriver.findElement(RemoteWebDriver.java:315)

# Created at 2023-02-22T22:26:33.645
Unexpected IOException with stream: 


# Created at 2023-02-22T22:26:33.645
Unexpected IOException with stream: 	at com.vytrack.utilities.BrowserUtils.clickWithWait(BrowserUtils.java:353)

# Created at 2023-02-22T22:26:33.645
Unexpected IOException with stream: 


# Created at 2023-02-22T22:26:33.648
Unexpected IOException with stream: 	at com.vytrack.pages.BasePage.navigateToModule(BasePage.java:104)

# Created at 2023-02-22T22:26:33.648
Unexpected IOException with stream: 


# Created at 2023-02-22T22:26:33.650
Unexpected IOException with stream: 	at com.vytrack.step_definitions.NavigationMenuStepDefs.the_user_navigates_to(NavigationMenuStepDefs.java:51)

# Created at 2023-02-22T22:26:33.650
Unexpected IOException with stream: 


# Created at 2023-02-22T22:26:33.650
Unexpected IOException with stream: 	at java.base/jdk.internal.reflect.DirectMethodHandleAccessor.invoke(DirectMethodHandleAccessor.java:104)

# Created at 2023-02-22T22:26:33.653
Unexpected IOException with stream: 


# Created at 2023-02-22T22:26:33.653
Unexpected IOException with stream: 	at java.base/java.lang.reflect.Method.invoke(Method.java:578)

# Created at 2023-02-22T22:26:33.653
Unexpected IOException with stream: 


# Created at 2023-02-22T22:26:33.653
Unexpected IOException with stream: 	at io.cucumber.java.Invoker.invoke(Invoker.java:27)

# Created at 2023-02-22T22:26:33.653
Unexpected IOException with stream: 


# Created at 2023-02-22T22:26:33.653
Unexpected IOException with stream: 	at io.cucumber.java.JavaStepDefinition.execute(JavaStepDefinition.java:27)

# Created at 2023-02-22T22:26:33.653
Unexpected IOException with stream: 


# Created at 2023-02-22T22:26:33.653
Unexpected IOException with stream: 	at io.cucumber.core.runner.PickleStepDefinitionMatch.runStep(PickleStepDefinitionMatch.java:63)

# Created at 2023-02-22T22:26:33.653
Unexpected IOException with stream: 


# Created at 2023-02-22T22:26:33.653
Unexpected IOException with stream: 	at io.cucumber.core.runner.TestStep.executeStep(TestStep.java:64)

# Created at 2023-02-22T22:26:33.653
Unexpected IOException with stream: 


# Created at 2023-02-22T22:26:33.660
Unexpected IOException with stream: 	at io.cucumber.core.runner.TestStep.run(TestStep.java:49)

# Created at 2023-02-22T22:26:33.660
Unexpected IOException with stream: 


# Created at 2023-02-22T22:26:33.661
Unexpected IOException with stream: 	at io.cucumber.core.runner.PickleStepTestStep.run(PickleStepTestStep.java:46)

# Created at 2023-02-22T22:26:33.661
Unexpected IOException with stream: 


# Created at 2023-02-22T22:26:33.661
Unexpected IOException with stream: 	at io.cucumber.core.runner.TestCase.run(TestCase.java:51)

# Created at 2023-02-22T22:26:33.661
Unexpected IOException with stream: 


# Created at 2023-02-22T22:26:33.661
Unexpected IOException with stream: 	at io.cucumber.core.runner.Runner.runPickle(Runner.java:67)

# Created at 2023-02-22T22:26:33.661
Unexpected IOException with stream: 


# Created at 2023-02-22T22:26:33.661
Unexpected IOException with stream: 	at io.cucumber.junit.PickleRunners$NoStepDescriptions.run(PickleRunners.java:149)

# Created at 2023-02-22T22:26:33.661
Unexpected IOException with stream: 


# Created at 2023-02-22T22:26:33.661
Unexpected IOException with stream: 	at io.cucumber.junit.FeatureRunner.runChild(FeatureRunner.java:83)

# Created at 2023-02-22T22:26:33.661
Unexpected IOException with stream: 


# Created at 2023-02-22T22:26:33.661
Unexpected IOException with stream: 	at io.cucumber.junit.FeatureRunner.runChild(FeatureRunner.java:24)

# Created at 2023-02-22T22:26:33.661
Unexpected IOException with stream: 


# Created at 2023-02-22T22:26:33.670
Unexpected IOException with stream: 	at org.junit.runners.ParentRunner$4.run(ParentRunner.java:331)

# Created at 2023-02-22T22:26:33.671
Unexpected IOException with stream: 


# Created at 2023-02-22T22:26:33.673
Unexpected IOException with stream: 	at org.junit.runners.ParentRunner$1.schedule(ParentRunner.java:79)

# Created at 2023-02-22T22:26:33.674
Unexpected IOException with stream: 


# Created at 2023-02-22T22:26:33.674
Unexpected IOException with stream: 	at org.junit.runners.ParentRunner.runChildren(ParentRunner.java:329)

# Created at 2023-02-22T22:26:33.674
Unexpected IOException with stream: 


# Created at 2023-02-22T22:26:33.674
Unexpected IOException with stream: 	at org.junit.runners.ParentRunner.access$100(ParentRunner.java:66)

# Created at 2023-02-22T22:26:33.674
Unexpected IOException with stream: 


# Created at 2023-02-22T22:26:33.674
Unexpected IOException with stream: 	at org.junit.runners.ParentRunner$2.evaluate(ParentRunner.java:293)

# Created at 2023-02-22T22:26:33.674
Unexpected IOException with stream: 


# Created at 2023-02-22T22:26:33.674
Unexpected IOException with stream: 	at org.junit.runners.ParentRunner$3.evaluate(ParentRunner.java:306)

# Created at 2023-02-22T22:26:33.678
Unexpected IOException with stream: 


# Created at 2023-02-22T22:26:33.678
Unexpected IOException with stream: 	at org.junit.runners.ParentRunner.run(ParentRunner.java:413)

# Created at 2023-02-22T22:26:33.678
Unexpected IOException with stream: 


# Created at 2023-02-22T22:26:33.678
Unexpected IOException with stream: 	at io.cucumber.junit.Cucumber.runChild(Cucumber.java:185)

# Created at 2023-02-22T22:26:33.681
Unexpected IOException with stream: 


# Created at 2023-02-22T22:26:33.681
Unexpected IOException with stream: 	at io.cucumber.junit.Cucumber.runChild(Cucumber.java:83)

# Created at 2023-02-22T22:26:33.681
Unexpected IOException with stream: 


# Created at 2023-02-22T22:26:33.681
Unexpected IOException with stream: 	at org.junit.runners.ParentRunner$4.run(ParentRunner.java:331)

# Created at 2023-02-22T22:26:33.681
Unexpected IOException with stream: 


# Created at 2023-02-22T22:26:33.681
Unexpected IOException with stream: 	at org.junit.runners.ParentRunner$1.schedule(ParentRunner.java:79)

# Created at 2023-02-22T22:26:33.681
Unexpected IOException with stream: 


# Created at 2023-02-22T22:26:33.681
Unexpected IOException with stream: 	at org.junit.runners.ParentRunner.runChildren(ParentRunner.java:329)

# Created at 2023-02-22T22:26:33.681
Unexpected IOException with stream: 


# Created at 2023-02-22T22:26:33.681
Unexpected IOException with stream: 	at org.junit.runners.ParentRunner.access$100(ParentRunner.java:66)

# Created at 2023-02-22T22:26:33.686
Unexpected IOException with stream: 


# Created at 2023-02-22T22:26:33.686
Unexpected IOException with stream: 	at org.junit.runners.ParentRunner$2.evaluate(ParentRunner.java:293)

# Created at 2023-02-22T22:26:33.686
Unexpected IOException with stream: 


# Created at 2023-02-22T22:26:33.686
Unexpected IOException with stream: 	at io.cucumber.junit.Cucumber$RunCucumber.evaluate(Cucumber.java:219)

# Created at 2023-02-22T22:26:33.686
Unexpected IOException with stream: 


# Created at 2023-02-22T22:26:33.686
Unexpected IOException with stream: 	at org.junit.runners.ParentRunner$3.evaluate(ParentRunner.java:306)

# Created at 2023-02-22T22:26:33.691
Unexpected IOException with stream: 


# Created at 2023-02-22T22:26:33.691
Unexpected IOException with stream: 	at org.junit.runners.ParentRunner.run(ParentRunner.java:413)

# Created at 2023-02-22T22:26:33.691
Unexpected IOException with stream: 


# Created at 2023-02-22T22:26:33.694
Unexpected IOException with stream: 	at org.apache.maven.surefire.junit4.JUnit4Provider.execute(JUnit4Provider.java:365)

# Created at 2023-02-22T22:26:33.694
Unexpected IOException with stream: 


# Created at 2023-02-22T22:26:33.694
Unexpected IOException with stream: 	at org.apache.maven.surefire.junit4.JUnit4Provider.executeWithRerun(JUnit4Provider.java:273)

# Created at 2023-02-22T22:26:33.694
Unexpected IOException with stream: 


# Created at 2023-02-22T22:26:33.694
Unexpected IOException with stream: 	at org.apache.maven.surefire.junit4.JUnit4Provider.executeTestSet(JUnit4Provider.java:238)

# Created at 2023-02-22T22:26:33.694
Unexpected IOException with stream: 


# Created at 2023-02-22T22:26:33.694
Unexpected IOException with stream: 	at org.apache.maven.surefire.junit4.JUnit4Provider.invoke(JUnit4Provider.java:159)

# Created at 2023-02-22T22:26:33.694
Unexpected IOException with stream: 


# Created at 2023-02-22T22:26:33.694
Unexpected IOException with stream: 	at org.apache.maven.surefire.booter.ForkedBooter.invokeProviderInSameClassLoader(ForkedBooter.java:384)

# Created at 2023-02-22T22:26:33.694
Unexpected IOException with stream: 


# Created at 2023-02-22T22:26:33.694
Unexpected IOException with stream: 	at org.apache.maven.surefire.booter.ForkedBooter.runSuitesInProcess(ForkedBooter.java:345)

# Created at 2023-02-22T22:26:33.700
Unexpected IOException with stream: 


# Created at 2023-02-22T22:26:33.700
Unexpected IOException with stream: 	at org.apache.maven.surefire.booter.ForkedBooter.execute(ForkedBooter.java:126)

# Created at 2023-02-22T22:26:33.702
Unexpected IOException with stream: 


# Created at 2023-02-22T22:26:33.702
Unexpected IOException with stream: 	at org.apache.maven.surefire.booter.ForkedBooter.main(ForkedBooter.java:418)

# Created at 2023-02-22T22:26:33.702
Unexpected IOException with stream: 


# Created at 2023-02-22T22:26:34.721
Unexpected IOException with stream: org.openqa.selenium.NoSuchWindowException: no such window: target window already closed
from unknown error: web view not found
  (Session info: chrome=110.0.5481.104)
Build info: version: '3.141.59', revision: 'e82be7d358', time: '2018-11-14T08:17:03'
System info: host: 'TABLET-7QLDR4EO', ip: '192.168.8.180', os.name: 'Windows 11', os.arch: 'amd64', os.version: '10.0', java.version: '19.0.2'
Driver info: org.openqa.selenium.chrome.ChromeDriver
Capabilities {acceptInsecureCerts: false, browserName: chrome, browserVersion: 110.0.5481.104, chrome: {chromedriverVersion: 110.0.5481.77 (65ed616c6e8e..., userDataDir: C:\Users\AKSUMU~1\AppData\L...}, goog:chromeOptions: {debuggerAddress: localhost:58227}, javascriptEnabled: true, networkConnectionEnabled: false, pageLoadStrategy: normal, platform: WINDOWS, platformName: WINDOWS, proxy: Proxy(), setWindowRect: true, strictFileInteractability: false, timeouts: {implicit: 0, pageLoad: 300000, script: 30000}, unhandledPromptBehavior: dismiss and notify, webauthn:extension:credBlob: true, webauthn:extension:largeBlob: true, webauthn:virtualAuthenticators: true}
Session ID: cb94ecce79161d4979b584a7619dc92e
*** Element info: {Using=xpath, value=//span[normalize-space()='Activities' and contains(@class, 'title title-level-1')]}

# Created at 2023-02-22T22:26:34.724
Unexpected IOException with stream: 


# Created at 2023-02-22T22:26:34.724
Unexpected IOException with stream: 	at java.base/jdk.internal.reflect.DirectConstructorHandleAccessor.newInstance(DirectConstructorHandleAccessor.java:67)

# Created at 2023-02-22T22:26:34.724
Unexpected IOException with stream: 


# Created at 2023-02-22T22:26:34.724
Unexpected IOException with stream: 	at java.base/java.lang.reflect.Constructor.newInstanceWithCaller(Constructor.java:500)

# Created at 2023-02-22T22:26:34.724
Unexpected IOException with stream: 


# Created at 2023-02-22T22:26:34.724
Unexpected IOException with stream: 	at java.base/java.lang.reflect.Constructor.newInstance(Constructor.java:484)

# Created at 2023-02-22T22:26:34.724
Unexpected IOException with stream: 


# Created at 2023-02-22T22:26:34.731
Unexpected IOException with stream: 	at org.openqa.selenium.remote.http.W3CHttpResponseCodec.createException(W3CHttpResponseCodec.java:187)

# Created at 2023-02-22T22:26:34.732
Unexpected IOException with stream: 


# Created at 2023-02-22T22:26:34.732
Unexpected IOException with stream: 	at org.openqa.selenium.remote.http.W3CHttpResponseCodec.decode(W3CHttpResponseCodec.java:122)

# Created at 2023-02-22T22:26:34.732
Unexpected IOException with stream: 


# Created at 2023-02-22T22:26:34.732
Unexpected IOException with stream: 	at org.openqa.selenium.remote.http.W3CHttpResponseCodec.decode(W3CHttpResponseCodec.java:49)

# Created at 2023-02-22T22:26:34.736
Unexpected IOException with stream: 


# Created at 2023-02-22T22:26:34.736
Unexpected IOException with stream: 	at org.openqa.selenium.remote.HttpCommandExecutor.execute(HttpCommandExecutor.java:158)

# Created at 2023-02-22T22:26:34.740
Unexpected IOException with stream: 


# Created at 2023-02-22T22:26:34.741
Unexpected IOException with stream: 	at org.openqa.selenium.remote.service.DriverCommandExecutor.execute(DriverCommandExecutor.java:83)

# Created at 2023-02-22T22:26:34.741
Unexpected IOException with stream: 


# Created at 2023-02-22T22:26:34.741
Unexpected IOException with stream: 	at org.openqa.selenium.remote.RemoteWebDriver.execute(RemoteWebDriver.java:552)

# Created at 2023-02-22T22:26:34.741
Unexpected IOException with stream: 


# Created at 2023-02-22T22:26:34.741
Unexpected IOException with stream: 	at org.openqa.selenium.remote.RemoteWebDriver.findElement(RemoteWebDriver.java:323)

# Created at 2023-02-22T22:26:34.741
Unexpected IOException with stream: 


# Created at 2023-02-22T22:26:34.741
Unexpected IOException with stream: 	at org.openqa.selenium.remote.RemoteWebDriver.findElementByXPath(RemoteWebDriver.java:428)

# Created at 2023-02-22T22:26:34.741
Unexpected IOException with stream: 


# Created at 2023-02-22T22:26:34.748
Unexpected IOException with stream: 	at org.openqa.selenium.By$ByXPath.findElement(By.java:353)

# Created at 2023-02-22T22:26:34.748
Unexpected IOException with stream: 


# Created at 2023-02-22T22:26:34.748
Unexpected IOException with stream: 	at org.openqa.selenium.remote.RemoteWebDriver.findElement(RemoteWebDriver.java:315)

# Created at 2023-02-22T22:26:34.748
Unexpected IOException with stream: 


# Created at 2023-02-22T22:26:34.748
Unexpected IOException with stream: 	at com.vytrack.utilities.BrowserUtils.clickWithWait(BrowserUtils.java:353)

# Created at 2023-02-22T22:26:34.751
Unexpected IOException with stream: 


# Created at 2023-02-22T22:26:34.751
Unexpected IOException with stream: 	at com.vytrack.pages.BasePage.navigateToModule(BasePage.java:104)

# Created at 2023-02-22T22:26:34.751
Unexpected IOException with stream: 


# Created at 2023-02-22T22:26:34.751
Unexpected IOException with stream: 	at com.vytrack.step_definitions.NavigationMenuStepDefs.the_user_navigates_to(NavigationMenuStepDefs.java:51)

# Created at 2023-02-22T22:26:34.751
Unexpected IOException with stream: 


# Created at 2023-02-22T22:26:34.751
Unexpected IOException with stream: 	at java.base/jdk.internal.reflect.DirectMethodHandleAccessor.invoke(DirectMethodHandleAccessor.java:104)

# Created at 2023-02-22T22:26:34.751
Unexpected IOException with stream: 


# Created at 2023-02-22T22:26:34.751
Unexpected IOException with stream: 	at java.base/java.lang.reflect.Method.invoke(Method.java:578)

# Created at 2023-02-22T22:26:34.751
Unexpected IOException with stream: 


# Created at 2023-02-22T22:26:34.756
Unexpected IOException with stream: 	at io.cucumber.java.Invoker.invoke(Invoker.java:27)

# Created at 2023-02-22T22:26:34.756
Unexpected IOException with stream: 


# Created at 2023-02-22T22:26:34.756
Unexpected IOException with stream: 	at io.cucumber.java.JavaStepDefinition.execute(JavaStepDefinition.java:27)

# Created at 2023-02-22T22:26:34.756
Unexpected IOException with stream: 


# Created at 2023-02-22T22:26:34.756
Unexpected IOException with stream: 	at io.cucumber.core.runner.PickleStepDefinitionMatch.runStep(PickleStepDefinitionMatch.java:63)

# Created at 2023-02-22T22:26:34.756
Unexpected IOException with stream: 


# Created at 2023-02-22T22:26:34.756
Unexpected IOException with stream: 	at io.cucumber.core.runner.TestStep.executeStep(TestStep.java:64)

# Created at 2023-02-22T22:26:34.756
Unexpected IOException with stream: 


# Created at 2023-02-22T22:26:34.756
Unexpected IOException with stream: 	at io.cucumber.core.runner.TestStep.run(TestStep.java:49)

# Created at 2023-02-22T22:26:34.756
Unexpected IOException with stream: 


# Created at 2023-02-22T22:26:34.760
Unexpected IOException with stream: 	at io.cucumber.core.runner.PickleStepTestStep.run(PickleStepTestStep.java:46)

# Created at 2023-02-22T22:26:34.760
Unexpected IOException with stream: 


# Created at 2023-02-22T22:26:34.760
Unexpected IOException with stream: 	at io.cucumber.core.runner.TestCase.run(TestCase.java:51)

# Created at 2023-02-22T22:26:34.760
Unexpected IOException with stream: 


# Created at 2023-02-22T22:26:34.760
Unexpected IOException with stream: 	at io.cucumber.core.runner.Runner.runPickle(Runner.java:67)

# Created at 2023-02-22T22:26:34.760
Unexpected IOException with stream: 


# Created at 2023-02-22T22:26:34.760
Unexpected IOException with stream: 	at io.cucumber.junit.PickleRunners$NoStepDescriptions.run(PickleRunners.java:149)

# Created at 2023-02-22T22:26:34.760
Unexpected IOException with stream: 


# Created at 2023-02-22T22:26:34.764
Unexpected IOException with stream: 	at io.cucumber.junit.FeatureRunner.runChild(FeatureRunner.java:83)

# Created at 2023-02-22T22:26:34.764
Unexpected IOException with stream: 


# Created at 2023-02-22T22:26:34.764
Unexpected IOException with stream: 	at io.cucumber.junit.FeatureRunner.runChild(FeatureRunner.java:24)

# Created at 2023-02-22T22:26:34.765
Unexpected IOException with stream: 


# Created at 2023-02-22T22:26:34.765
Unexpected IOException with stream: 	at org.junit.runners.ParentRunner$4.run(ParentRunner.java:331)

# Created at 2023-02-22T22:26:34.765
Unexpected IOException with stream: 


# Created at 2023-02-22T22:26:34.766
Unexpected IOException with stream: 	at org.junit.runners.ParentRunner$1.schedule(ParentRunner.java:79)

# Created at 2023-02-22T22:26:34.766
Unexpected IOException with stream: 


# Created at 2023-02-22T22:26:34.766
Unexpected IOException with stream: 	at org.junit.runners.ParentRunner.runChildren(ParentRunner.java:329)

# Created at 2023-02-22T22:26:34.767
Unexpected IOException with stream: 


# Created at 2023-02-22T22:26:34.767
Unexpected IOException with stream: 	at org.junit.runners.ParentRunner.access$100(ParentRunner.java:66)

# Created at 2023-02-22T22:26:34.768
Unexpected IOException with stream: 


# Created at 2023-02-22T22:26:34.768
Unexpected IOException with stream: 	at org.junit.runners.ParentRunner$2.evaluate(ParentRunner.java:293)

# Created at 2023-02-22T22:26:34.768
Unexpected IOException with stream: 


# Created at 2023-02-22T22:26:34.768
Unexpected IOException with stream: 	at org.junit.runners.ParentRunner$3.evaluate(ParentRunner.java:306)

# Created at 2023-02-22T22:26:34.768
Unexpected IOException with stream: 


# Created at 2023-02-22T22:26:34.768
Unexpected IOException with stream: 	at org.junit.runners.ParentRunner.run(ParentRunner.java:413)

# Created at 2023-02-22T22:26:34.768
Unexpected IOException with stream: 


# Created at 2023-02-22T22:26:34.771
Unexpected IOException with stream: 	at io.cucumber.junit.Cucumber.runChild(Cucumber.java:185)

# Created at 2023-02-22T22:26:34.771
Unexpected IOException with stream: 


# Created at 2023-02-22T22:26:34.771
Unexpected IOException with stream: 	at io.cucumber.junit.Cucumber.runChild(Cucumber.java:83)

# Created at 2023-02-22T22:26:34.771
Unexpected IOException with stream: 


# Created at 2023-02-22T22:26:34.771
Unexpected IOException with stream: 	at org.junit.runners.ParentRunner$4.run(ParentRunner.java:331)

# Created at 2023-02-22T22:26:34.772
Unexpected IOException with stream: 


# Created at 2023-02-22T22:26:34.772
Unexpected IOException with stream: 	at org.junit.runners.ParentRunner$1.schedule(ParentRunner.java:79)

# Created at 2023-02-22T22:26:34.772
Unexpected IOException with stream: 


# Created at 2023-02-22T22:26:34.772
Unexpected IOException with stream: 	at org.junit.runners.ParentRunner.runChildren(ParentRunner.java:329)

# Created at 2023-02-22T22:26:34.772
Unexpected IOException with stream: 


# Created at 2023-02-22T22:26:34.772
Unexpected IOException with stream: 	at org.junit.runners.ParentRunner.access$100(ParentRunner.java:66)

# Created at 2023-02-22T22:26:34.772
Unexpected IOException with stream: 


# Created at 2023-02-22T22:26:34.772
Unexpected IOException with stream: 	at org.junit.runners.ParentRunner$2.evaluate(ParentRunner.java:293)

# Created at 2023-02-22T22:26:34.772
Unexpected IOException with stream: 


# Created at 2023-02-22T22:26:34.772
Unexpected IOException with stream: 	at io.cucumber.junit.Cucumber$RunCucumber.evaluate(Cucumber.java:219)

# Created at 2023-02-22T22:26:34.772
Unexpected IOException with stream: 


# Created at 2023-02-22T22:26:34.772
Unexpected IOException with stream: 	at org.junit.runners.ParentRunner$3.evaluate(ParentRunner.java:306)

# Created at 2023-02-22T22:26:34.772
Unexpected IOException with stream: 


# Created at 2023-02-22T22:26:34.772
Unexpected IOException with stream: 	at org.junit.runners.ParentRunner.run(ParentRunner.java:413)

# Created at 2023-02-22T22:26:34.772
Unexpected IOException with stream: 


# Created at 2023-02-22T22:26:34.772
Unexpected IOException with stream: 	at org.apache.maven.surefire.junit4.JUnit4Provider.execute(JUnit4Provider.java:365)

# Created at 2023-02-22T22:26:34.772
Unexpected IOException with stream: 


# Created at 2023-02-22T22:26:34.772
Unexpected IOException with stream: 	at org.apache.maven.surefire.junit4.JUnit4Provider.executeWithRerun(JUnit4Provider.java:273)

# Created at 2023-02-22T22:26:34.772
Unexpected IOException with stream: 


# Created at 2023-02-22T22:26:34.772
Unexpected IOException with stream: 	at org.apache.maven.surefire.junit4.JUnit4Provider.executeTestSet(JUnit4Provider.java:238)

# Created at 2023-02-22T22:26:34.772
Unexpected IOException with stream: 


# Created at 2023-02-22T22:26:34.772
Unexpected IOException with stream: 	at org.apache.maven.surefire.junit4.JUnit4Provider.invoke(JUnit4Provider.java:159)

# Created at 2023-02-22T22:26:34.772
Unexpected IOException with stream: 


# Created at 2023-02-22T22:26:34.772
Unexpected IOException with stream: 	at org.apache.maven.surefire.booter.ForkedBooter.invokeProviderInSameClassLoader(ForkedBooter.java:384)

# Created at 2023-02-22T22:26:34.772
Unexpected IOException with stream: 


# Created at 2023-02-22T22:26:34.772
Unexpected IOException with stream: 	at org.apache.maven.surefire.booter.ForkedBooter.runSuitesInProcess(ForkedBooter.java:345)

# Created at 2023-02-22T22:26:34.772
Unexpected IOException with stream: 


# Created at 2023-02-22T22:26:34.772
Unexpected IOException with stream: 	at org.apache.maven.surefire.booter.ForkedBooter.execute(ForkedBooter.java:126)

# Created at 2023-02-22T22:26:34.772
Unexpected IOException with stream: 


# Created at 2023-02-22T22:26:34.772
Unexpected IOException with stream: 	at org.apache.maven.surefire.booter.ForkedBooter.main(ForkedBooter.java:418)

# Created at 2023-02-22T22:26:34.781
Unexpected IOException with stream: 


# Created at 2023-02-22T22:26:35.801
Unexpected IOException with stream: org.openqa.selenium.NoSuchWindowException: no such window: target window already closed
from unknown error: web view not found
  (Session info: chrome=110.0.5481.104)
Build info: version: '3.141.59', revision: 'e82be7d358', time: '2018-11-14T08:17:03'
System info: host: 'TABLET-7QLDR4EO', ip: '192.168.8.180', os.name: 'Windows 11', os.arch: 'amd64', os.version: '10.0', java.version: '19.0.2'
Driver info: org.openqa.selenium.chrome.ChromeDriver
Capabilities {acceptInsecureCerts: false, browserName: chrome, browserVersion: 110.0.5481.104, chrome: {chromedriverVersion: 110.0.5481.77 (65ed616c6e8e..., userDataDir: C:\Users\AKSUMU~1\AppData\L...}, goog:chromeOptions: {debuggerAddress: localhost:58227}, javascriptEnabled: true, networkConnectionEnabled: false, pageLoadStrategy: normal, platform: WINDOWS, platformName: WINDOWS, proxy: Proxy(), setWindowRect: true, strictFileInteractability: false, timeouts: {implicit: 0, pageLoad: 300000, script: 30000}, unhandledPromptBehavior: dismiss and notify, webauthn:extension:credBlob: true, webauthn:extension:largeBlob: true, webauthn:virtualAuthenticators: true}
Session ID: cb94ecce79161d4979b584a7619dc92e
*** Element info: {Using=xpath, value=//span[normalize-space()='Activities' and contains(@class, 'title title-level-1')]}

# Created at 2023-02-22T22:26:35.801
Unexpected IOException with stream: 


# Created at 2023-02-22T22:26:35.801
Unexpected IOException with stream: 	at java.base/jdk.internal.reflect.DirectConstructorHandleAccessor.newInstance(DirectConstructorHandleAccessor.java:67)

# Created at 2023-02-22T22:26:35.805
Unexpected IOException with stream: 


# Created at 2023-02-22T22:26:35.807
Unexpected IOException with stream: 	at java.base/java.lang.reflect.Constructor.newInstanceWithCaller(Constructor.java:500)

# Created at 2023-02-22T22:26:35.807
Unexpected IOException with stream: 


# Created at 2023-02-22T22:26:35.809
Unexpected IOException with stream: 	at java.base/java.lang.reflect.Constructor.newInstance(Constructor.java:484)

# Created at 2023-02-22T22:26:35.809
Unexpected IOException with stream: 


# Created at 2023-02-22T22:26:35.810
Unexpected IOException with stream: 	at org.openqa.selenium.remote.http.W3CHttpResponseCodec.createException(W3CHttpResponseCodec.java:187)

# Created at 2023-02-22T22:26:35.810
Unexpected IOException with stream: 


# Created at 2023-02-22T22:26:35.810
Unexpected IOException with stream: 	at org.openqa.selenium.remote.http.W3CHttpResponseCodec.decode(W3CHttpResponseCodec.java:122)

# Created at 2023-02-22T22:26:35.810
Unexpected IOException with stream: 


# Created at 2023-02-22T22:26:35.810
Unexpected IOException with stream: 	at org.openqa.selenium.remote.http.W3CHttpResponseCodec.decode(W3CHttpResponseCodec.java:49)

# Created at 2023-02-22T22:26:35.810
Unexpected IOException with stream: 


# Created at 2023-02-22T22:26:35.810
Unexpected IOException with stream: 	at org.openqa.selenium.remote.HttpCommandExecutor.execute(HttpCommandExecutor.java:158)

# Created at 2023-02-22T22:26:35.810
Unexpected IOException with stream: 


# Created at 2023-02-22T22:26:35.810
Unexpected IOException with stream: 	at org.openqa.selenium.remote.service.DriverCommandExecutor.execute(DriverCommandExecutor.java:83)

# Created at 2023-02-22T22:26:35.817
Unexpected IOException with stream: 


# Created at 2023-02-22T22:26:35.817
Unexpected IOException with stream: 	at org.openqa.selenium.remote.RemoteWebDriver.execute(RemoteWebDriver.java:552)

# Created at 2023-02-22T22:26:35.817
Unexpected IOException with stream: 


# Created at 2023-02-22T22:26:35.820
Unexpected IOException with stream: 	at org.openqa.selenium.remote.RemoteWebDriver.findElement(RemoteWebDriver.java:323)

# Created at 2023-02-22T22:26:35.820
Unexpected IOException with stream: 


# Created at 2023-02-22T22:26:35.820
Unexpected IOException with stream: 	at org.openqa.selenium.remote.RemoteWebDriver.findElementByXPath(RemoteWebDriver.java:428)

# Created at 2023-02-22T22:26:35.820
Unexpected IOException with stream: 


# Created at 2023-02-22T22:26:35.820
Unexpected IOException with stream: 	at org.openqa.selenium.By$ByXPath.findElement(By.java:353)

# Created at 2023-02-22T22:26:35.820
Unexpected IOException with stream: 


# Created at 2023-02-22T22:26:35.820
Unexpected IOException with stream: 	at org.openqa.selenium.remote.RemoteWebDriver.findElement(RemoteWebDriver.java:315)

# Created at 2023-02-22T22:26:35.825
Unexpected IOException with stream: 


# Created at 2023-02-22T22:26:35.825
Unexpected IOException with stream: 	at com.vytrack.utilities.BrowserUtils.clickWithWait(BrowserUtils.java:353)

# Created at 2023-02-22T22:26:35.825
Unexpected IOException with stream: 


# Created at 2023-02-22T22:26:35.825
Unexpected IOException with stream: 	at com.vytrack.pages.BasePage.navigateToModule(BasePage.java:104)

# Created at 2023-02-22T22:26:35.825
Unexpected IOException with stream: 


# Created at 2023-02-22T22:26:35.825
Unexpected IOException with stream: 	at com.vytrack.step_definitions.NavigationMenuStepDefs.the_user_navigates_to(NavigationMenuStepDefs.java:51)

# Created at 2023-02-22T22:26:35.825
Unexpected IOException with stream: 


# Created at 2023-02-22T22:26:35.830
Unexpected IOException with stream: 	at java.base/jdk.internal.reflect.DirectMethodHandleAccessor.invoke(DirectMethodHandleAccessor.java:104)

# Created at 2023-02-22T22:26:35.830
Unexpected IOException with stream: 


# Created at 2023-02-22T22:26:35.830
Unexpected IOException with stream: 	at java.base/java.lang.reflect.Method.invoke(Method.java:578)

# Created at 2023-02-22T22:26:35.830
Unexpected IOException with stream: 


# Created at 2023-02-22T22:26:35.830
Unexpected IOException with stream: 	at io.cucumber.java.Invoker.invoke(Invoker.java:27)

# Created at 2023-02-22T22:26:35.834
Unexpected IOException with stream: 


# Created at 2023-02-22T22:26:35.842
Unexpected IOException with stream: 	at io.cucumber.java.JavaStepDefinition.execute(JavaStepDefinition.java:27)

# Created at 2023-02-22T22:26:35.842
Unexpected IOException with stream: 


# Created at 2023-02-22T22:26:35.842
Unexpected IOException with stream: 	at io.cucumber.core.runner.PickleStepDefinitionMatch.runStep(PickleStepDefinitionMatch.java:63)

# Created at 2023-02-22T22:26:35.842
Unexpected IOException with stream: 


# Created at 2023-02-22T22:26:35.842
Unexpected IOException with stream: 	at io.cucumber.core.runner.TestStep.executeStep(TestStep.java:64)

# Created at 2023-02-22T22:26:35.842
Unexpected IOException with stream: 


# Created at 2023-02-22T22:26:35.842
Unexpected IOException with stream: 	at io.cucumber.core.runner.TestStep.run(TestStep.java:49)

# Created at 2023-02-22T22:26:35.842
Unexpected IOException with stream: 


# Created at 2023-02-22T22:26:35.842
Unexpected IOException with stream: 	at io.cucumber.core.runner.PickleStepTestStep.run(PickleStepTestStep.java:46)

# Created at 2023-02-22T22:26:35.842
Unexpected IOException with stream: 


# Created at 2023-02-22T22:26:35.842
Unexpected IOException with stream: 	at io.cucumber.core.runner.TestCase.run(TestCase.java:51)

# Created at 2023-02-22T22:26:35.851
Unexpected IOException with stream: 


# Created at 2023-02-22T22:26:35.851
Unexpected IOException with stream: 	at io.cucumber.core.runner.Runner.runPickle(Runner.java:67)

# Created at 2023-02-22T22:26:35.851
Unexpected IOException with stream: 


# Created at 2023-02-22T22:26:35.851
Unexpected IOException with stream: 	at io.cucumber.junit.PickleRunners$NoStepDescriptions.run(PickleRunners.java:149)

# Created at 2023-02-22T22:26:35.851
Unexpected IOException with stream: 


# Created at 2023-02-22T22:26:35.851
Unexpected IOException with stream: 	at io.cucumber.junit.FeatureRunner.runChild(FeatureRunner.java:83)

# Created at 2023-02-22T22:26:35.851
Unexpected IOException with stream: 


# Created at 2023-02-22T22:26:35.857
Unexpected IOException with stream: 	at io.cucumber.junit.FeatureRunner.runChild(FeatureRunner.java:24)

# Created at 2023-02-22T22:26:35.857
Unexpected IOException with stream: 


# Created at 2023-02-22T22:26:35.857
Unexpected IOException with stream: 	at org.junit.runners.ParentRunner$4.run(ParentRunner.java:331)

# Created at 2023-02-22T22:26:35.859
Unexpected IOException with stream: 


# Created at 2023-02-22T22:26:35.861
Unexpected IOException with stream: 	at org.junit.runners.ParentRunner$1.schedule(ParentRunner.java:79)

# Created at 2023-02-22T22:26:35.861
Unexpected IOException with stream: 


# Created at 2023-02-22T22:26:35.861
Unexpected IOException with stream: 	at org.junit.runners.ParentRunner.runChildren(ParentRunner.java:329)

# Created at 2023-02-22T22:26:35.861
Unexpected IOException with stream: 


# Created at 2023-02-22T22:26:35.861
Unexpected IOException with stream: 	at org.junit.runners.ParentRunner.access$100(ParentRunner.java:66)

# Created at 2023-02-22T22:26:35.861
Unexpected IOException with stream: 


# Created at 2023-02-22T22:26:35.861
Unexpected IOException with stream: 	at org.junit.runners.ParentRunner$2.evaluate(ParentRunner.java:293)

# Created at 2023-02-22T22:26:35.867
Unexpected IOException with stream: 


# Created at 2023-02-22T22:26:35.871
Unexpected IOException with stream: 	at org.junit.runners.ParentRunner$3.evaluate(ParentRunner.java:306)

# Created at 2023-02-22T22:26:35.872
Unexpected IOException with stream: 


# Created at 2023-02-22T22:26:35.872
Unexpected IOException with stream: 	at org.junit.runners.ParentRunner.run(ParentRunner.java:413)

# Created at 2023-02-22T22:26:35.872
Unexpected IOException with stream: 


# Created at 2023-02-22T22:26:35.874
Unexpected IOException with stream: 	at io.cucumber.junit.Cucumber.runChild(Cucumber.java:185)

# Created at 2023-02-22T22:26:35.874
Unexpected IOException with stream: 


# Created at 2023-02-22T22:26:35.875
Unexpected IOException with stream: 	at io.cucumber.junit.Cucumber.runChild(Cucumber.java:83)

# Created at 2023-02-22T22:26:35.875
Unexpected IOException with stream: 


# Created at 2023-02-22T22:26:35.875
Unexpected IOException with stream: 	at org.junit.runners.ParentRunner$4.run(ParentRunner.java:331)

# Created at 2023-02-22T22:26:35.875
Unexpected IOException with stream: 


# Created at 2023-02-22T22:26:35.875
Unexpected IOException with stream: 	at org.junit.runners.ParentRunner$1.schedule(ParentRunner.java:79)

# Created at 2023-02-22T22:26:35.875
Unexpected IOException with stream: 


# Created at 2023-02-22T22:26:35.875
Unexpected IOException with stream: 	at org.junit.runners.ParentRunner.runChildren(ParentRunner.java:329)

# Created at 2023-02-22T22:26:35.881
Unexpected IOException with stream: 


# Created at 2023-02-22T22:26:35.881
Unexpected IOException with stream: 	at org.junit.runners.ParentRunner.access$100(ParentRunner.java:66)

# Created at 2023-02-22T22:26:35.881
Unexpected IOException with stream: 


# Created at 2023-02-22T22:26:35.883
Unexpected IOException with stream: 	at org.junit.runners.ParentRunner$2.evaluate(ParentRunner.java:293)

# Created at 2023-02-22T22:26:35.883
Unexpected IOException with stream: 


# Created at 2023-02-22T22:26:35.883
Unexpected IOException with stream: 	at io.cucumber.junit.Cucumber$RunCucumber.evaluate(Cucumber.java:219)

# Created at 2023-02-22T22:26:35.883
Unexpected IOException with stream: 


# Created at 2023-02-22T22:26:35.883
Unexpected IOException with stream: 	at org.junit.runners.ParentRunner$3.evaluate(ParentRunner.java:306)

# Created at 2023-02-22T22:26:35.883
Unexpected IOException with stream: 


# Created at 2023-02-22T22:26:35.883
Unexpected IOException with stream: 	at org.junit.runners.ParentRunner.run(ParentRunner.java:413)

# Created at 2023-02-22T22:26:35.883
Unexpected IOException with stream: 


# Created at 2023-02-22T22:26:35.883
Unexpected IOException with stream: 	at org.apache.maven.surefire.junit4.JUnit4Provider.execute(JUnit4Provider.java:365)

# Created at 2023-02-22T22:26:35.888
Unexpected IOException with stream: 


# Created at 2023-02-22T22:26:35.888
Unexpected IOException with stream: 	at org.apache.maven.surefire.junit4.JUnit4Provider.executeWithRerun(JUnit4Provider.java:273)

# Created at 2023-02-22T22:26:35.888
Unexpected IOException with stream: 


# Created at 2023-02-22T22:26:35.890
Unexpected IOException with stream: 	at org.apache.maven.surefire.junit4.JUnit4Provider.executeTestSet(JUnit4Provider.java:238)

# Created at 2023-02-22T22:26:35.891
Unexpected IOException with stream: 


# Created at 2023-02-22T22:26:35.891
Unexpected IOException with stream: 	at org.apache.maven.surefire.junit4.JUnit4Provider.invoke(JUnit4Provider.java:159)

# Created at 2023-02-22T22:26:35.891
Unexpected IOException with stream: 


# Created at 2023-02-22T22:26:35.891
Unexpected IOException with stream: 	at org.apache.maven.surefire.booter.ForkedBooter.invokeProviderInSameClassLoader(ForkedBooter.java:384)

# Created at 2023-02-22T22:26:35.891
Unexpected IOException with stream: 


# Created at 2023-02-22T22:26:35.891
Unexpected IOException with stream: 	at org.apache.maven.surefire.booter.ForkedBooter.runSuitesInProcess(ForkedBooter.java:345)

# Created at 2023-02-22T22:26:35.895
Unexpected IOException with stream: 


# Created at 2023-02-22T22:26:35.895
Unexpected IOException with stream: 	at org.apache.maven.surefire.booter.ForkedBooter.execute(ForkedBooter.java:126)

# Created at 2023-02-22T22:26:35.895
Unexpected IOException with stream: 


# Created at 2023-02-22T22:26:35.895
Unexpected IOException with stream: 	at org.apache.maven.surefire.booter.ForkedBooter.main(ForkedBooter.java:418)

# Created at 2023-02-22T22:26:35.895
Unexpected IOException with stream: 


# Created at 2023-02-22T22:26:42.051
Unexpected IOException: 7,1,Account types,Driver user(Account types),null,no such window: target window already closed\000Afrom unknown error: web view not found\000A  (Session info: chrome=110.0.5481.104)\000ABuild info: version: '3.141.59'\002C revision: 'e82be7d358'\002C time: '2018-11-14T08:17:03'\000ASystem info: host: 'TABLET-7QLDR4EO'\002C ip: '192.168.8.180'\002C os.name: 'Windows 11'\002C os.arch: 'amd64'\002C os.version: '10.0'\002C java.version: '19.0.2'\000ADriver info: org.openqa.selenium.chrome.ChromeDriver\000ACapabilities {acceptInsecureCerts: false\002C browserName: chrome\002C browserVersion: 110.0.5481.104\002C chrome: {chromedriverVersion: 110.0.5481.77 (65ed616c6e8e...\002C userDataDir: C:\005CUsers\005CAKSUMU~1\005CAppData\005CL...}\002C goog:chromeOptions: {debuggerAddress: localhost:58227}\002C javascriptEnabled: true\002C networkConnectionEnabled: false\002C pageLoadStrategy: normal\002C platform: WINDOWS\002C platformName: WINDOWS\002C proxy: Proxy()\002C setWindowRect: true\002C strictFileInteractability: false\002C timeouts: {implicit: 0\002C pageLoad: 300000\002C script: 30000}\002C unhandledPromptBehavior: dismiss and notify\002C webauthn:extension:credBlob: true\002C webauthn:extension:largeBlob: true\002C webauthn:virtualAuthenticators: true}\000ASession ID: cb94ecce79161d4979b584a7619dc92e\000A*** Element info: {Using=xpath\002C value=//span[normalize-space()='Calendar Events' and contains(@class\002C 'title title-level-2')]},null,no such window: target window already closed\000Afrom unknown error: web view not found\000A  (Session info: chrome=110.0.5481.104)\000ABuild info: version: '3.141.59'\002C revision: 'e82be7d358'\002C time: '2018-11-14T08:17:03'\000ASystem info: host: 'TABLET-7QLDR4EO'\002C ip: '192.168.8.180'\002C os.name: 'Windows 11'\002C os.arch: 'amd64'\002C os.version: '10.0'\002C java.version: '19.0.2'\000ADriver info: org.openqa.selenium.chrome.ChromeDriver\000ACapabilities {acceptInsecureCerts: false\002C browserName: chrome\002C browserVersion: 110.0.5481.104\002C chrome: {chromedriverVersion: 110.0.5481.77 (65ed616c6e8e...\002C userDataDir: C:\005CUsers\005CAKSUMU~1\005CAppData\005CL...}\002C goog:chromeOptions: {debuggerAddress: localhost:58227}\002C javascriptEnabled: true\002C networkConnectionEnabled: false\002C pageLoadStrategy: normal\002C platform: WINDOWS\002C platformName: WINDOWS\002C proxy: Proxy()\002C setWindowRect: true\002C strictFileInteractability: false\002C timeouts: {implicit: 0\002C pageLoad: 300000\002C script: 30000}\002C unhandledPromptBehavior: dismiss and notify\002C webauthn:extension:credBlob: true\002C webauthn:extension:largeBlob: true\002C webauthn:virtualAuthenticators: true}\000ASession ID: cb94ecce79161d4979b584a7619dc92e\000A*** Element info: {Using=xpath\002C value=//span[normalize-space()='Calendar Events' and contains(@class\002C 'title title-level-2')]},no such window: target window already closed\000Afrom unknown error: web view not found\000A  (Session info: chrome=110.0.5481.104)\000ABuild info: version: '3.141.59'\002C revision: 'e82be7d358'\002C time: '2018-11-14T08:17:03'\000ASystem info: host: 'TABLET-7QLDR4EO'\002C ip: '192.168.8.180'\002C os.name: 'Windows 11'\002C os.arch: 'amd64'\002C os.version: '10.0'\002C java.version: '19.0.2'\000ADriver info: org.openqa.selenium.chrome.ChromeDriver\000ACapabilities {acceptInsecureCerts: false\002C browserName: chrome\002C browserVersion: 110.0.5481.104\002C chrome: {chromedriverVersion: 110.0.5481.77 (65ed616c6e8e...\002C userDataDir: C:\005CUsers\005CAKSUMU~1\005CAppData\005CL...}\002C goog:chromeOptions: {debuggerAddress: localhost:58227}\002C javascriptEnabled: true\002C networkConnectionEnabled: false\002C pageLoadStrategy: normal\002C platform: WINDOWS\002C platformName: WINDOWS\002C proxy: Proxy()\002C setWindowRect: true\002C strictFileInteractability: false\002C timeouts: {implicit: 0\002C pageLoad: 300000\002C script: 30000}\002C unhandledPromptBehavior: dismiss and notify\002C webauthn:extension:credBlob: true\002C webauthn:extension:largeBlob: true\002C webauthn:virtualAuthenticators: true}\000ASession ID: cb94ecce79161d4979b584a7619dc92e\000A*** Element info: {Using=xpath\002C value=//span[normalize-space()='Calendar Events' and contains(@class\002C 'title title-level-2')]},org.openqa.selenium.NoSuchWindowException: \000Ano such window: target window already closed\000Afrom unknown error: web view not found\000A  (Session info: chrome=110.0.5481.104)\000ABuild info: version: '3.141.59'\002C revision: 'e82be7d358'\002C time: '2018-11-14T08:17:03'\000ASystem info: host: 'TABLET-7QLDR4EO'\002C ip: '192.168.8.180'\002C os.name: 'Windows 11'\002C os.arch: 'amd64'\002C os.version: '10.0'\002C java.version: '19.0.2'\000ADriver info: org.openqa.selenium.chrome.ChromeDriver\000ACapabilities {acceptInsecureCerts: false\002C browserName: chrome\002C browserVersion: 110.0.5481.104\002C chrome: {chromedriverVersion: 110.0.5481.77 (65ed616c6e8e...\002C userDataDir: C:\005CUsers\005CAKSUMU~1\005CAppData\005CL...}\002C goog:chromeOptions: {debuggerAddress: localhost:58227}\002C javascriptEnabled: true\002C networkConnectionEnabled: false\002C pageLoadStrategy: normal\002C platform: WINDOWS\002C platformName: WINDOWS\002C proxy: Proxy()\002C setWindowRect: true\002C strictFileInteractability: false\002C timeouts: {implicit: 0\002C pageLoad: 300000\002C script: 30000}\002C unhandledPromptBehavior: dismiss and notify\002C webauthn:extension:credBlob: true\002C webauthn:extension:largeBlob: true\002C webauthn:virtualAuthenticators: true}\000ASession ID: cb94ecce79161d4979b584a7619dc92e\000A*** Element info: {Using=xpath\002C value=//span[normalize-space()='Calendar Events' and contains(@class\002C 'title title-level-2')]}\000A


# Created at 2023-02-22T22:26:42.054
Unexpected IOException: 7,1,Account types,Driver user(Account types),null,no such window: target window already closed\000Afrom unknown error: web view not found\000A  (Session info: chrome=110.0.5481.104)\000ABuild info: version: '3.141.59'\002C revision: 'e82be7d358'\002C time: '2018-11-14T08:17:03'\000ASystem info: host: 'TABLET-7QLDR4EO'\002C ip: '192.168.8.180'\002C os.name: 'Windows 11'\002C os.arch: 'amd64'\002C os.version: '10.0'\002C java.version: '19.0.2'\000ADriver info: org.openqa.selenium.chrome.ChromeDriver\000ACapabilities {acceptInsecureCerts: false\002C browserName: chrome\002C browserVersion: 110.0.5481.104\002C chrome: {chromedriverVersion: 110.0.5481.77 (65ed616c6e8e...\002C userDataDir: C:\005CUsers\005CAKSUMU~1\005CAppData\005CL...}\002C goog:chromeOptions: {debuggerAddress: localhost:58227}\002C javascriptEnabled: true\002C networkConnectionEnabled: false\002C pageLoadStrategy: normal\002C platform: WINDOWS\002C platformName: WINDOWS\002C proxy: Proxy()\002C setWindowRect: true\002C strictFileInteractability: false\002C timeouts: {implicit: 0\002C pageLoad: 300000\002C script: 30000}\002C unhandledPromptBehavior: dismiss and notify\002C webauthn:extension:credBlob: true\002C webauthn:extension:largeBlob: true\002C webauthn:virtualAuthenticators: true}\000ASession ID: cb94ecce79161d4979b584a7619dc92e,null,no such window: target window already closed\000Afrom unknown error: web view not found\000A  (Session info: chrome=110.0.5481.104)\000ABuild info: version: '3.141.59'\002C revision: 'e82be7d358'\002C time: '2018-11-14T08:17:03'\000ASystem info: host: 'TABLET-7QLDR4EO'\002C ip: '192.168.8.180'\002C os.name: 'Windows 11'\002C os.arch: 'amd64'\002C os.version: '10.0'\002C java.version: '19.0.2'\000ADriver info: org.openqa.selenium.chrome.ChromeDriver\000ACapabilities {acceptInsecureCerts: false\002C browserName: chrome\002C browserVersion: 110.0.5481.104\002C chrome: {chromedriverVersion: 110.0.5481.77 (65ed616c6e8e...\002C userDataDir: C:\005CUsers\005CAKSUMU~1\005CAppData\005CL...}\002C goog:chromeOptions: {debuggerAddress: localhost:58227}\002C javascriptEnabled: true\002C networkConnectionEnabled: false\002C pageLoadStrategy: normal\002C platform: WINDOWS\002C platformName: WINDOWS\002C proxy: Proxy()\002C setWindowRect: true\002C strictFileInteractability: false\002C timeouts: {implicit: 0\002C pageLoad: 300000\002C script: 30000}\002C unhandledPromptBehavior: dismiss and notify\002C webauthn:extension:credBlob: true\002C webauthn:extension:largeBlob: true\002C webauthn:virtualAuthenticators: true}\000ASession ID: cb94ecce79161d4979b584a7619dc92e,no such window: target window already closed\000Afrom unknown error: web view not found\000A  (Session info: chrome=110.0.5481.104)\000ABuild info: version: '3.141.59'\002C revision: 'e82be7d358'\002C time: '2018-11-14T08:17:03'\000ASystem info: host: 'TABLET-7QLDR4EO'\002C ip: '192.168.8.180'\002C os.name: 'Windows 11'\002C os.arch: 'amd64'\002C os.version: '10.0'\002C java.version: '19.0.2'\000ADriver info: org.openqa.selenium.chrome.ChromeDriver\000ACapabilities {acceptInsecureCerts: false\002C browserName: chrome\002C browserVersion: 110.0.5481.104\002C chrome: {chromedriverVersion: 110.0.5481.77 (65ed616c6e8e...\002C userDataDir: C:\005CUsers\005CAKSUMU~1\005CAppData\005CL...}\002C goog:chromeOptions: {debuggerAddress: localhost:58227}\002C javascriptEnabled: true\002C networkConnectionEnabled: false\002C pageLoadStrategy: normal\002C platform: WINDOWS\002C platformName: WINDOWS\002C proxy: Proxy()\002C setWindowRect: true\002C strictFileInteractability: false\002C timeouts: {implicit: 0\002C pageLoad: 300000\002C script: 30000}\002C unhandledPromptBehavior: dismiss and notify\002C webauthn:extension:credBlob: true\002C webauthn:extension:largeBlob: true\002C webauthn:virtualAuthenticators: true}\000ASession ID: cb94ecce79161d4979b584a7619dc92e,org.openqa.selenium.NoSuchWindowException: \000Ano such window: target window already closed\000Afrom unknown error: web view not found\000A  (Session info: chrome=110.0.5481.104)\000ABuild info: version: '3.141.59'\002C revision: 'e82be7d358'\002C time: '2018-11-14T08:17:03'\000ASystem info: host: 'TABLET-7QLDR4EO'\002C ip: '192.168.8.180'\002C os.name: 'Windows 11'\002C os.arch: 'amd64'\002C os.version: '10.0'\002C java.version: '19.0.2'\000ADriver info: org.openqa.selenium.chrome.ChromeDriver\000ACapabilities {acceptInsecureCerts: false\002C browserName: chrome\002C browserVersion: 110.0.5481.104\002C chrome: {chromedriverVersion: 110.0.5481.77 (65ed616c6e8e...\002C userDataDir: C:\005CUsers\005CAKSUMU~1\005CAppData\005CL...}\002C goog:chromeOptions: {debuggerAddress: localhost:58227}\002C javascriptEnabled: true\002C networkConnectionEnabled: false\002C pageLoadStrategy: normal\002C platform: WINDOWS\002C platformName: WINDOWS\002C proxy: Proxy()\002C setWindowRect: true\002C strictFileInteractability: false\002C timeouts: {implicit: 0\002C pageLoad: 300000\002C script: 30000}\002C unhandledPromptBehavior: dismiss and notify\002C webauthn:extension:credBlob: true\002C webauthn:extension:largeBlob: true\002C webauthn:virtualAuthenticators: true}\000ASession ID: cb94ecce79161d4979b584a7619dc92e\000A


# Created at 2023-02-22T22:26:42.056
Unexpected IOException: 5,1,Account types,Sales manager user(Account types),null,null,null


# Created at 2023-02-22T22:26:42.065
Unexpected IOException with stream: 	this is coming from BEFORE


# Created at 2023-02-22T22:26:42.080
Unexpected IOException: 7,1,Account types,Sales manager user(Account types),null,no such window: target window already closed\000Afrom unknown error: web view not found\000A  (Session info: chrome=110.0.5481.104)\000ABuild info: version: '3.141.59'\002C revision: 'e82be7d358'\002C time: '2018-11-14T08:17:03'\000ASystem info: host: 'TABLET-7QLDR4EO'\002C ip: '192.168.8.180'\002C os.name: 'Windows 11'\002C os.arch: 'amd64'\002C os.version: '10.0'\002C java.version: '19.0.2'\000ADriver info: org.openqa.selenium.chrome.ChromeDriver\000ACapabilities {acceptInsecureCerts: false\002C browserName: chrome\002C browserVersion: 110.0.5481.104\002C chrome: {chromedriverVersion: 110.0.5481.77 (65ed616c6e8e...\002C userDataDir: C:\005CUsers\005CAKSUMU~1\005CAppData\005CL...}\002C goog:chromeOptions: {debuggerAddress: localhost:58227}\002C javascriptEnabled: true\002C networkConnectionEnabled: false\002C pageLoadStrategy: normal\002C platform: WINDOWS\002C platformName: WINDOWS\002C proxy: Proxy()\002C setWindowRect: true\002C strictFileInteractability: false\002C timeouts: {implicit: 0\002C pageLoad: 300000\002C script: 30000}\002C unhandledPromptBehavior: dismiss and notify\002C webauthn:extension:credBlob: true\002C webauthn:extension:largeBlob: true\002C webauthn:virtualAuthenticators: true}\000ASession ID: cb94ecce79161d4979b584a7619dc92e,null,no such window: target window already closed\000Afrom unknown error: web view not found\000A  (Session info: chrome=110.0.5481.104)\000ABuild info: version: '3.141.59'\002C revision: 'e82be7d358'\002C time: '2018-11-14T08:17:03'\000ASystem info: host: 'TABLET-7QLDR4EO'\002C ip: '192.168.8.180'\002C os.name: 'Windows 11'\002C os.arch: 'amd64'\002C os.version: '10.0'\002C java.version: '19.0.2'\000ADriver info: org.openqa.selenium.chrome.ChromeDriver\000ACapabilities {acceptInsecureCerts: false\002C browserName: chrome\002C browserVersion: 110.0.5481.104\002C chrome: {chromedriverVersion: 110.0.5481.77 (65ed616c6e8e...\002C userDataDir: C:\005CUsers\005CAKSUMU~1\005CAppData\005CL...}\002C goog:chromeOptions: {debuggerAddress: localhost:58227}\002C javascriptEnabled: true\002C networkConnectionEnabled: false\002C pageLoadStrategy: normal\002C platform: WINDOWS\002C platformName: WINDOWS\002C proxy: Proxy()\002C setWindowRect: true\002C strictFileInteractability: false\002C timeouts: {implicit: 0\002C pageLoad: 300000\002C script: 30000}\002C unhandledPromptBehavior: dismiss and notify\002C webauthn:extension:credBlob: true\002C webauthn:extension:largeBlob: true\002C webauthn:virtualAuthenticators: true}\000ASession ID: cb94ecce79161d4979b584a7619dc92e,no such window: target window already closed\000Afrom unknown error: web view not found\000A  (Session info: chrome=110.0.5481.104)\000ABuild info: version: '3.141.59'\002C revision: 'e82be7d358'\002C time: '2018-11-14T08:17:03'\000ASystem info: host: 'TABLET-7QLDR4EO'\002C ip: '192.168.8.180'\002C os.name: 'Windows 11'\002C os.arch: 'amd64'\002C os.version: '10.0'\002C java.version: '19.0.2'\000ADriver info: org.openqa.selenium.chrome.ChromeDriver\000ACapabilities {acceptInsecureCerts: false\002C browserName: chrome\002C browserVersion: 110.0.5481.104\002C chrome: {chromedriverVersion: 110.0.5481.77 (65ed616c6e8e...\002C userDataDir: C:\005CUsers\005CAKSUMU~1\005CAppData\005CL...}\002C goog:chromeOptions: {debuggerAddress: localhost:58227}\002C javascriptEnabled: true\002C networkConnectionEnabled: false\002C pageLoadStrategy: normal\002C platform: WINDOWS\002C platformName: WINDOWS\002C proxy: Proxy()\002C setWindowRect: true\002C strictFileInteractability: false\002C timeouts: {implicit: 0\002C pageLoad: 300000\002C script: 30000}\002C unhandledPromptBehavior: dismiss and notify\002C webauthn:extension:credBlob: true\002C webauthn:extension:largeBlob: true\002C webauthn:virtualAuthenticators: true}\000ASession ID: cb94ecce79161d4979b584a7619dc92e,org.openqa.selenium.NoSuchWindowException: \000Ano such window: target window already closed\000Afrom unknown error: web view not found\000A  (Session info: chrome=110.0.5481.104)\000ABuild info: version: '3.141.59'\002C revision: 'e82be7d358'\002C time: '2018-11-14T08:17:03'\000ASystem info: host: 'TABLET-7QLDR4EO'\002C ip: '192.168.8.180'\002C os.name: 'Windows 11'\002C os.arch: 'amd64'\002C os.version: '10.0'\002C java.version: '19.0.2'\000ADriver info: org.openqa.selenium.chrome.ChromeDriver\000ACapabilities {acceptInsecureCerts: false\002C browserName: chrome\002C browserVersion: 110.0.5481.104\002C chrome: {chromedriverVersion: 110.0.5481.77 (65ed616c6e8e...\002C userDataDir: C:\005CUsers\005CAKSUMU~1\005CAppData\005CL...}\002C goog:chromeOptions: {debuggerAddress: localhost:58227}\002C javascriptEnabled: true\002C networkConnectionEnabled: false\002C pageLoadStrategy: normal\002C platform: WINDOWS\002C platformName: WINDOWS\002C proxy: Proxy()\002C setWindowRect: true\002C strictFileInteractability: false\002C timeouts: {implicit: 0\002C pageLoad: 300000\002C script: 30000}\002C unhandledPromptBehavior: dismiss and notify\002C webauthn:extension:credBlob: true\002C webauthn:extension:largeBlob: true\002C webauthn:virtualAuthenticators: true}\000ASession ID: cb94ecce79161d4979b584a7619dc92e\000A


# Created at 2023-02-22T22:26:42.080
Unexpected IOException: 7,1,Account types,Sales manager user(Account types),null,no such window: target window already closed\000Afrom unknown error: web view not found\000A  (Session info: chrome=110.0.5481.104)\000ABuild info: version: '3.141.59'\002C revision: 'e82be7d358'\002C time: '2018-11-14T08:17:03'\000ASystem info: host: 'TABLET-7QLDR4EO'\002C ip: '192.168.8.180'\002C os.name: 'Windows 11'\002C os.arch: 'amd64'\002C os.version: '10.0'\002C java.version: '19.0.2'\000ADriver info: org.openqa.selenium.chrome.ChromeDriver\000ACapabilities {acceptInsecureCerts: false\002C browserName: chrome\002C browserVersion: 110.0.5481.104\002C chrome: {chromedriverVersion: 110.0.5481.77 (65ed616c6e8e...\002C userDataDir: C:\005CUsers\005CAKSUMU~1\005CAppData\005CL...}\002C goog:chromeOptions: {debuggerAddress: localhost:58227}\002C javascriptEnabled: true\002C networkConnectionEnabled: false\002C pageLoadStrategy: normal\002C platform: WINDOWS\002C platformName: WINDOWS\002C proxy: Proxy()\002C setWindowRect: true\002C strictFileInteractability: false\002C timeouts: {implicit: 0\002C pageLoad: 300000\002C script: 30000}\002C unhandledPromptBehavior: dismiss and notify\002C webauthn:extension:credBlob: true\002C webauthn:extension:largeBlob: true\002C webauthn:virtualAuthenticators: true}\000ASession ID: cb94ecce79161d4979b584a7619dc92e,null,no such window: target window already closed\000Afrom unknown error: web view not found\000A  (Session info: chrome=110.0.5481.104)\000ABuild info: version: '3.141.59'\002C revision: 'e82be7d358'\002C time: '2018-11-14T08:17:03'\000ASystem info: host: 'TABLET-7QLDR4EO'\002C ip: '192.168.8.180'\002C os.name: 'Windows 11'\002C os.arch: 'amd64'\002C os.version: '10.0'\002C java.version: '19.0.2'\000ADriver info: org.openqa.selenium.chrome.ChromeDriver\000ACapabilities {acceptInsecureCerts: false\002C browserName: chrome\002C browserVersion: 110.0.5481.104\002C chrome: {chromedriverVersion: 110.0.5481.77 (65ed616c6e8e...\002C userDataDir: C:\005CUsers\005CAKSUMU~1\005CAppData\005CL...}\002C goog:chromeOptions: {debuggerAddress: localhost:58227}\002C javascriptEnabled: true\002C networkConnectionEnabled: false\002C pageLoadStrategy: normal\002C platform: WINDOWS\002C platformName: WINDOWS\002C proxy: Proxy()\002C setWindowRect: true\002C strictFileInteractability: false\002C timeouts: {implicit: 0\002C pageLoad: 300000\002C script: 30000}\002C unhandledPromptBehavior: dismiss and notify\002C webauthn:extension:credBlob: true\002C webauthn:extension:largeBlob: true\002C webauthn:virtualAuthenticators: true}\000ASession ID: cb94ecce79161d4979b584a7619dc92e,no such window: target window already closed\000Afrom unknown error: web view not found\000A  (Session info: chrome=110.0.5481.104)\000ABuild info: version: '3.141.59'\002C revision: 'e82be7d358'\002C time: '2018-11-14T08:17:03'\000ASystem info: host: 'TABLET-7QLDR4EO'\002C ip: '192.168.8.180'\002C os.name: 'Windows 11'\002C os.arch: 'amd64'\002C os.version: '10.0'\002C java.version: '19.0.2'\000ADriver info: org.openqa.selenium.chrome.ChromeDriver\000ACapabilities {acceptInsecureCerts: false\002C browserName: chrome\002C browserVersion: 110.0.5481.104\002C chrome: {chromedriverVersion: 110.0.5481.77 (65ed616c6e8e...\002C userDataDir: C:\005CUsers\005CAKSUMU~1\005CAppData\005CL...}\002C goog:chromeOptions: {debuggerAddress: localhost:58227}\002C javascriptEnabled: true\002C networkConnectionEnabled: false\002C pageLoadStrategy: normal\002C platform: WINDOWS\002C platformName: WINDOWS\002C proxy: Proxy()\002C setWindowRect: true\002C strictFileInteractability: false\002C timeouts: {implicit: 0\002C pageLoad: 300000\002C script: 30000}\002C unhandledPromptBehavior: dismiss and notify\002C webauthn:extension:credBlob: true\002C webauthn:extension:largeBlob: true\002C webauthn:virtualAuthenticators: true}\000ASession ID: cb94ecce79161d4979b584a7619dc92e,org.openqa.selenium.NoSuchWindowException: \000Ano such window: target window already closed\000Afrom unknown error: web view not found\000A  (Session info: chrome=110.0.5481.104)\000ABuild info: version: '3.141.59'\002C revision: 'e82be7d358'\002C time: '2018-11-14T08:17:03'\000ASystem info: host: 'TABLET-7QLDR4EO'\002C ip: '192.168.8.180'\002C os.name: 'Windows 11'\002C os.arch: 'amd64'\002C os.version: '10.0'\002C java.version: '19.0.2'\000ADriver info: org.openqa.selenium.chrome.ChromeDriver\000ACapabilities {acceptInsecureCerts: false\002C browserName: chrome\002C browserVersion: 110.0.5481.104\002C chrome: {chromedriverVersion: 110.0.5481.77 (65ed616c6e8e...\002C userDataDir: C:\005CUsers\005CAKSUMU~1\005CAppData\005CL...}\002C goog:chromeOptions: {debuggerAddress: localhost:58227}\002C javascriptEnabled: true\002C networkConnectionEnabled: false\002C pageLoadStrategy: normal\002C platform: WINDOWS\002C platformName: WINDOWS\002C proxy: Proxy()\002C setWindowRect: true\002C strictFileInteractability: false\002C timeouts: {implicit: 0\002C pageLoad: 300000\002C script: 30000}\002C unhandledPromptBehavior: dismiss and notify\002C webauthn:extension:credBlob: true\002C webauthn:extension:largeBlob: true\002C webauthn:virtualAuthenticators: true}\000ASession ID: cb94ecce79161d4979b584a7619dc92e\000A


# Created at 2023-02-22T22:26:42.080
Unexpected IOException: 5,1,Account types,Store manager user(Account types),null,null,null


# Created at 2023-02-22T22:26:42.080
Unexpected IOException with stream: 	this is coming from BEFORE


# Created at 2023-02-22T22:26:42.097
Unexpected IOException: 7,1,Account types,Store manager user(Account types),null,no such window: target window already closed\000Afrom unknown error: web view not found\000A  (Session info: chrome=110.0.5481.104)\000ABuild info: version: '3.141.59'\002C revision: 'e82be7d358'\002C time: '2018-11-14T08:17:03'\000ASystem info: host: 'TABLET-7QLDR4EO'\002C ip: '192.168.8.180'\002C os.name: 'Windows 11'\002C os.arch: 'amd64'\002C os.version: '10.0'\002C java.version: '19.0.2'\000ADriver info: org.openqa.selenium.chrome.ChromeDriver\000ACapabilities {acceptInsecureCerts: false\002C browserName: chrome\002C browserVersion: 110.0.5481.104\002C chrome: {chromedriverVersion: 110.0.5481.77 (65ed616c6e8e...\002C userDataDir: C:\005CUsers\005CAKSUMU~1\005CAppData\005CL...}\002C goog:chromeOptions: {debuggerAddress: localhost:58227}\002C javascriptEnabled: true\002C networkConnectionEnabled: false\002C pageLoadStrategy: normal\002C platform: WINDOWS\002C platformName: WINDOWS\002C proxy: Proxy()\002C setWindowRect: true\002C strictFileInteractability: false\002C timeouts: {implicit: 0\002C pageLoad: 300000\002C script: 30000}\002C unhandledPromptBehavior: dismiss and notify\002C webauthn:extension:credBlob: true\002C webauthn:extension:largeBlob: true\002C webauthn:virtualAuthenticators: true}\000ASession ID: cb94ecce79161d4979b584a7619dc92e,null,no such window: target window already closed\000Afrom unknown error: web view not found\000A  (Session info: chrome=110.0.5481.104)\000ABuild info: version: '3.141.59'\002C revision: 'e82be7d358'\002C time: '2018-11-14T08:17:03'\000ASystem info: host: 'TABLET-7QLDR4EO'\002C ip: '192.168.8.180'\002C os.name: 'Windows 11'\002C os.arch: 'amd64'\002C os.version: '10.0'\002C java.version: '19.0.2'\000ADriver info: org.openqa.selenium.chrome.ChromeDriver\000ACapabilities {acceptInsecureCerts: false\002C browserName: chrome\002C browserVersion: 110.0.5481.104\002C chrome: {chromedriverVersion: 110.0.5481.77 (65ed616c6e8e...\002C userDataDir: C:\005CUsers\005CAKSUMU~1\005CAppData\005CL...}\002C goog:chromeOptions: {debuggerAddress: localhost:58227}\002C javascriptEnabled: true\002C networkConnectionEnabled: false\002C pageLoadStrategy: normal\002C platform: WINDOWS\002C platformName: WINDOWS\002C proxy: Proxy()\002C setWindowRect: true\002C strictFileInteractability: false\002C timeouts: {implicit: 0\002C pageLoad: 300000\002C script: 30000}\002C unhandledPromptBehavior: dismiss and notify\002C webauthn:extension:credBlob: true\002C webauthn:extension:largeBlob: true\002C webauthn:virtualAuthenticators: true}\000ASession ID: cb94ecce79161d4979b584a7619dc92e,no such window: target window already closed\000Afrom unknown error: web view not found\000A  (Session info: chrome=110.0.5481.104)\000ABuild info: version: '3.141.59'\002C revision: 'e82be7d358'\002C time: '2018-11-14T08:17:03'\000ASystem info: host: 'TABLET-7QLDR4EO'\002C ip: '192.168.8.180'\002C os.name: 'Windows 11'\002C os.arch: 'amd64'\002C os.version: '10.0'\002C java.version: '19.0.2'\000ADriver info: org.openqa.selenium.chrome.ChromeDriver\000ACapabilities {acceptInsecureCerts: false\002C browserName: chrome\002C browserVersion: 110.0.5481.104\002C chrome: {chromedriverVersion: 110.0.5481.77 (65ed616c6e8e...\002C userDataDir: C:\005CUsers\005CAKSUMU~1\005CAppData\005CL...}\002C goog:chromeOptions: {debuggerAddress: localhost:58227}\002C javascriptEnabled: true\002C networkConnectionEnabled: false\002C pageLoadStrategy: normal\002C platform: WINDOWS\002C platformName: WINDOWS\002C proxy: Proxy()\002C setWindowRect: true\002C strictFileInteractability: false\002C timeouts: {implicit: 0\002C pageLoad: 300000\002C script: 30000}\002C unhandledPromptBehavior: dismiss and notify\002C webauthn:extension:credBlob: true\002C webauthn:extension:largeBlob: true\002C webauthn:virtualAuthenticators: true}\000ASession ID: cb94ecce79161d4979b584a7619dc92e,org.openqa.selenium.NoSuchWindowException: \000Ano such window: target window already closed\000Afrom unknown error: web view not found\000A  (Session info: chrome=110.0.5481.104)\000ABuild info: version: '3.141.59'\002C revision: 'e82be7d358'\002C time: '2018-11-14T08:17:03'\000ASystem info: host: 'TABLET-7QLDR4EO'\002C ip: '192.168.8.180'\002C os.name: 'Windows 11'\002C os.arch: 'amd64'\002C os.version: '10.0'\002C java.version: '19.0.2'\000ADriver info: org.openqa.selenium.chrome.ChromeDriver\000ACapabilities {acceptInsecureCerts: false\002C browserName: chrome\002C browserVersion: 110.0.5481.104\002C chrome: {chromedriverVersion: 110.0.5481.77 (65ed616c6e8e...\002C userDataDir: C:\005CUsers\005CAKSUMU~1\005CAppData\005CL...}\002C goog:chromeOptions: {debuggerAddress: localhost:58227}\002C javascriptEnabled: true\002C networkConnectionEnabled: false\002C pageLoadStrategy: normal\002C platform: WINDOWS\002C platformName: WINDOWS\002C proxy: Proxy()\002C setWindowRect: true\002C strictFileInteractability: false\002C timeouts: {implicit: 0\002C pageLoad: 300000\002C script: 30000}\002C unhandledPromptBehavior: dismiss and notify\002C webauthn:extension:credBlob: true\002C webauthn:extension:largeBlob: true\002C webauthn:virtualAuthenticators: true}\000ASession ID: cb94ecce79161d4979b584a7619dc92e\000A


# Created at 2023-02-22T22:26:42.097
Unexpected IOException: 7,1,Account types,Store manager user(Account types),null,no such window: target window already closed\000Afrom unknown error: web view not found\000A  (Session info: chrome=110.0.5481.104)\000ABuild info: version: '3.141.59'\002C revision: 'e82be7d358'\002C time: '2018-11-14T08:17:03'\000ASystem info: host: 'TABLET-7QLDR4EO'\002C ip: '192.168.8.180'\002C os.name: 'Windows 11'\002C os.arch: 'amd64'\002C os.version: '10.0'\002C java.version: '19.0.2'\000ADriver info: org.openqa.selenium.chrome.ChromeDriver\000ACapabilities {acceptInsecureCerts: false\002C browserName: chrome\002C browserVersion: 110.0.5481.104\002C chrome: {chromedriverVersion: 110.0.5481.77 (65ed616c6e8e...\002C userDataDir: C:\005CUsers\005CAKSUMU~1\005CAppData\005CL...}\002C goog:chromeOptions: {debuggerAddress: localhost:58227}\002C javascriptEnabled: true\002C networkConnectionEnabled: false\002C pageLoadStrategy: normal\002C platform: WINDOWS\002C platformName: WINDOWS\002C proxy: Proxy()\002C setWindowRect: true\002C strictFileInteractability: false\002C timeouts: {implicit: 0\002C pageLoad: 300000\002C script: 30000}\002C unhandledPromptBehavior: dismiss and notify\002C webauthn:extension:credBlob: true\002C webauthn:extension:largeBlob: true\002C webauthn:virtualAuthenticators: true}\000ASession ID: cb94ecce79161d4979b584a7619dc92e,null,no such window: target window already closed\000Afrom unknown error: web view not found\000A  (Session info: chrome=110.0.5481.104)\000ABuild info: version: '3.141.59'\002C revision: 'e82be7d358'\002C time: '2018-11-14T08:17:03'\000ASystem info: host: 'TABLET-7QLDR4EO'\002C ip: '192.168.8.180'\002C os.name: 'Windows 11'\002C os.arch: 'amd64'\002C os.version: '10.0'\002C java.version: '19.0.2'\000ADriver info: org.openqa.selenium.chrome.ChromeDriver\000ACapabilities {acceptInsecureCerts: false\002C browserName: chrome\002C browserVersion: 110.0.5481.104\002C chrome: {chromedriverVersion: 110.0.5481.77 (65ed616c6e8e...\002C userDataDir: C:\005CUsers\005CAKSUMU~1\005CAppData\005CL...}\002C goog:chromeOptions: {debuggerAddress: localhost:58227}\002C javascriptEnabled: true\002C networkConnectionEnabled: false\002C pageLoadStrategy: normal\002C platform: WINDOWS\002C platformName: WINDOWS\002C proxy: Proxy()\002C setWindowRect: true\002C strictFileInteractability: false\002C timeouts: {implicit: 0\002C pageLoad: 300000\002C script: 30000}\002C unhandledPromptBehavior: dismiss and notify\002C webauthn:extension:credBlob: true\002C webauthn:extension:largeBlob: true\002C webauthn:virtualAuthenticators: true}\000ASession ID: cb94ecce79161d4979b584a7619dc92e,no such window: target window already closed\000Afrom unknown error: web view not found\000A  (Session info: chrome=110.0.5481.104)\000ABuild info: version: '3.141.59'\002C revision: 'e82be7d358'\002C time: '2018-11-14T08:17:03'\000ASystem info: host: 'TABLET-7QLDR4EO'\002C ip: '192.168.8.180'\002C os.name: 'Windows 11'\002C os.arch: 'amd64'\002C os.version: '10.0'\002C java.version: '19.0.2'\000ADriver info: org.openqa.selenium.chrome.ChromeDriver\000ACapabilities {acceptInsecureCerts: false\002C browserName: chrome\002C browserVersion: 110.0.5481.104\002C chrome: {chromedriverVersion: 110.0.5481.77 (65ed616c6e8e...\002C userDataDir: C:\005CUsers\005CAKSUMU~1\005CAppData\005CL...}\002C goog:chromeOptions: {debuggerAddress: localhost:58227}\002C javascriptEnabled: true\002C networkConnectionEnabled: false\002C pageLoadStrategy: normal\002C platform: WINDOWS\002C platformName: WINDOWS\002C proxy: Proxy()\002C setWindowRect: true\002C strictFileInteractability: false\002C timeouts: {implicit: 0\002C pageLoad: 300000\002C script: 30000}\002C unhandledPromptBehavior: dismiss and notify\002C webauthn:extension:credBlob: true\002C webauthn:extension:largeBlob: true\002C webauthn:virtualAuthenticators: true}\000ASession ID: cb94ecce79161d4979b584a7619dc92e,org.openqa.selenium.NoSuchWindowException: \000Ano such window: target window already closed\000Afrom unknown error: web view not found\000A  (Session info: chrome=110.0.5481.104)\000ABuild info: version: '3.141.59'\002C revision: 'e82be7d358'\002C time: '2018-11-14T08:17:03'\000ASystem info: host: 'TABLET-7QLDR4EO'\002C ip: '192.168.8.180'\002C os.name: 'Windows 11'\002C os.arch: 'amd64'\002C os.version: '10.0'\002C java.version: '19.0.2'\000ADriver info: org.openqa.selenium.chrome.ChromeDriver\000ACapabilities {acceptInsecureCerts: false\002C browserName: chrome\002C browserVersion: 110.0.5481.104\002C chrome: {chromedriverVersion: 110.0.5481.77 (65ed616c6e8e...\002C userDataDir: C:\005CUsers\005CAKSUMU~1\005CAppData\005CL...}\002C goog:chromeOptions: {debuggerAddress: localhost:58227}\002C javascriptEnabled: true\002C networkConnectionEnabled: false\002C pageLoadStrategy: normal\002C platform: WINDOWS\002C platformName: WINDOWS\002C proxy: Proxy()\002C setWindowRect: true\002C strictFileInteractability: false\002C timeouts: {implicit: 0\002C pageLoad: 300000\002C script: 30000}\002C unhandledPromptBehavior: dismiss and notify\002C webauthn:extension:credBlob: true\002C webauthn:extension:largeBlob: true\002C webauthn:virtualAuthenticators: true}\000ASession ID: cb94ecce79161d4979b584a7619dc92e\000A


# Created at 2023-02-22T22:26:42.121
Unexpected IOException with stream: 


# Created at 2023-02-22T22:26:42.121
Unexpected IOException with stream: [31mFailed scenarios:[0m


# Created at 2023-02-22T22:26:42.121
Unexpected IOException with stream: [31mfile:///C:/Users/aksumustafa16/IdeaProjects/CucumberSelenium/src/test/resources/features/AccountTypes.feature:4[0m

# Created at 2023-02-22T22:26:42.121
Unexpected IOException with stream: # Driver user


# Created at 2023-02-22T22:26:42.121
Unexpected IOException with stream: [31mfile:///C:/Users/aksumustafa16/IdeaProjects/CucumberSelenium/src/test/resources/features/AccountTypes.feature:10[0m

# Created at 2023-02-22T22:26:42.121
Unexpected IOException with stream: # Sales manager user


# Created at 2023-02-22T22:26:42.121
Unexpected IOException with stream: [31mfile:///C:/Users/aksumustafa16/IdeaProjects/CucumberSelenium/src/test/resources/features/AccountTypes.feature:16[0m

# Created at 2023-02-22T22:26:42.121
Unexpected IOException with stream: # Store manager user


# Created at 2023-02-22T22:26:42.121
Unexpected IOException with stream: 


# Created at 2023-02-22T22:26:42.121
Unexpected IOException with stream: 3

# Created at 2023-02-22T22:26:42.121
Unexpected IOException with stream:  Scenarios (

# Created at 2023-02-22T22:26:42.121
Unexpected IOException with stream: [31m3 failed[0m

# Created at 2023-02-22T22:26:42.121
Unexpected IOException with stream: )


# Created at 2023-02-22T22:26:42.121
Unexpected IOException with stream: 9

# Created at 2023-02-22T22:26:42.121
Unexpected IOException with stream:  Steps (

# Created at 2023-02-22T22:26:42.121
Unexpected IOException with stream: [31m1 failed[0m

# Created at 2023-02-22T22:26:42.121
Unexpected IOException with stream: , 

# Created at 2023-02-22T22:26:42.129
Unexpected IOException with stream: [36m7 skipped[0m

# Created at 2023-02-22T22:26:42.129
Unexpected IOException with stream: , 

# Created at 2023-02-22T22:26:42.129
Unexpected IOException with stream: [32m1 passed[0m

# Created at 2023-02-22T22:26:42.129
Unexpected IOException with stream: )


# Created at 2023-02-22T22:26:42.131
Unexpected IOException with stream: 0m

# Created at 2023-02-22T22:26:42.139
Unexpected IOException with stream: 37.776s


# Created at 2023-02-22T22:26:42.139
Unexpected IOException with stream: 


# Created at 2023-02-22T22:26:42.140
Unexpected IOException with stream: 


# Created at 2023-02-22T22:26:42.140
Unexpected IOException with stream: org.openqa.selenium.NoSuchWindowException: no such window: target window already closed
from unknown error: web view not found
  (Session info: chrome=110.0.5481.104)
Build info: version: '3.141.59', revision: 'e82be7d358', time: '2018-11-14T08:17:03'
System info: host: 'TABLET-7QLDR4EO', ip: '192.168.8.180', os.name: 'Windows 11', os.arch: 'amd64', os.version: '10.0', java.version: '19.0.2'
Driver info: org.openqa.selenium.chrome.ChromeDriver
Capabilities {acceptInsecureCerts: false, browserName: chrome, browserVersion: 110.0.5481.104, chrome: {chromedriverVersion: 110.0.5481.77 (65ed616c6e8e..., userDataDir: C:\Users\AKSUMU~1\AppData\L...}, goog:chromeOptions: {debuggerAddress: localhost:58227}, javascriptEnabled: true, networkConnectionEnabled: false, pageLoadStrategy: normal, platform: WINDOWS, platformName: WINDOWS, proxy: Proxy(), setWindowRect: true, strictFileInteractability: false, timeouts: {implicit: 0, pageLoad: 300000, script: 30000}, unhandledPromptBehavior: dismiss and notify, webauthn:extension:credBlob: true, webauthn:extension:largeBlob: true, webauthn:virtualAuthenticators: true}
Session ID: cb94ecce79161d4979b584a7619dc92e
*** Element info: {Using=xpath, value=//span[normalize-space()='Calendar Events' and contains(@class, 'title title-level-2')]}


# Created at 2023-02-22T22:26:42.140
Unexpected IOException with stream: 	at java.base/jdk.internal.reflect.DirectConstructorHandleAccessor.newInstance(DirectConstructorHandleAccessor.java:67)


# Created at 2023-02-22T22:26:42.140
Unexpected IOException with stream: 	at java.base/java.lang.reflect.Constructor.newInstanceWithCaller(Constructor.java:500)


# Created at 2023-02-22T22:26:42.140
Unexpected IOException with stream: 	at java.base/java.lang.reflect.Constructor.newInstance(Constructor.java:484)


# Created at 2023-02-22T22:26:42.140
Unexpected IOException with stream: 	at org.openqa.selenium.remote.http.W3CHttpResponseCodec.createException(W3CHttpResponseCodec.java:187)


# Created at 2023-02-22T22:26:42.140
Unexpected IOException with stream: 	at org.openqa.selenium.remote.http.W3CHttpResponseCodec.decode(W3CHttpResponseCodec.java:122)


# Created at 2023-02-22T22:26:42.140
Unexpected IOException with stream: 	at org.openqa.selenium.remote.http.W3CHttpResponseCodec.decode(W3CHttpResponseCodec.java:49)


# Created at 2023-02-22T22:26:42.140
Unexpected IOException with stream: 	at org.openqa.selenium.remote.HttpCommandExecutor.execute(HttpCommandExecutor.java:158)


# Created at 2023-02-22T22:26:42.140
Unexpected IOException with stream: 	at org.openqa.selenium.remote.service.DriverCommandExecutor.execute(DriverCommandExecutor.java:83)


# Created at 2023-02-22T22:26:42.140
Unexpected IOException with stream: 	at org.openqa.selenium.remote.RemoteWebDriver.execute(RemoteWebDriver.java:552)


# Created at 2023-02-22T22:26:42.140
Unexpected IOException with stream: 	at org.openqa.selenium.remote.RemoteWebDriver.findElement(RemoteWebDriver.java:323)


# Created at 2023-02-22T22:26:42.140
Unexpected IOException with stream: 	at org.openqa.selenium.remote.RemoteWebDriver.findElementByXPath(RemoteWebDriver.java:428)


# Created at 2023-02-22T22:26:42.140
Unexpected IOException with stream: 	at org.openqa.selenium.By$ByXPath.findElement(By.java:353)


# Created at 2023-02-22T22:26:42.140
Unexpected IOException with stream: 	at org.openqa.selenium.remote.RemoteWebDriver.findElement(RemoteWebDriver.java:315)


# Created at 2023-02-22T22:26:42.140
Unexpected IOException with stream: 	at com.vytrack.pages.BasePage.navigateToModule(BasePage.java:113)


# Created at 2023-02-22T22:26:42.140
Unexpected IOException with stream: 	at com.vytrack.step_definitions.NavigationMenuStepDefs.the_user_navigates_to(NavigationMenuStepDefs.java:51)


# Created at 2023-02-22T22:26:42.140
Unexpected IOException with stream: 	at .the user navigates to "Activities" "Calendar Events"(file:///C:/Users/aksumustafa16/IdeaProjects/CucumberSelenium/src/test/resources/features/AccountTypes.feature:6)


# Created at 2023-02-22T22:26:42.140
Unexpected IOException with stream: 


# Created at 2023-02-22T22:26:42.140
Unexpected IOException with stream: org.openqa.selenium.NoSuchWindowException: no such window: target window already closed
from unknown error: web view not found
  (Session info: chrome=110.0.5481.104)
Build info: version: '3.141.59', revision: 'e82be7d358', time: '2018-11-14T08:17:03'
System info: host: 'TABLET-7QLDR4EO', ip: '192.168.8.180', os.name: 'Windows 11', os.arch: 'amd64', os.version: '10.0', java.version: '19.0.2'
Driver info: org.openqa.selenium.chrome.ChromeDriver
Capabilities {acceptInsecureCerts: false, browserName: chrome, browserVersion: 110.0.5481.104, chrome: {chromedriverVersion: 110.0.5481.77 (65ed616c6e8e..., userDataDir: C:\Users\AKSUMU~1\AppData\L...}, goog:chromeOptions: {debuggerAddress: localhost:58227}, javascriptEnabled: true, networkConnectionEnabled: false, pageLoadStrategy: normal, platform: WINDOWS, platformName: WINDOWS, proxy: Proxy(), setWindowRect: true, strictFileInteractability: false, timeouts: {implicit: 0, pageLoad: 300000, script: 30000}, unhandledPromptBehavior: dismiss and notify, webauthn:extension:credBlob: true, webauthn:extension:largeBlob: true, webauthn:virtualAuthenticators: true}
Session ID: cb94ecce79161d4979b584a7619dc92e


# Created at 2023-02-22T22:26:42.145
Unexpected IOException with stream: 	at java.base/jdk.internal.reflect.DirectConstructorHandleAccessor.newInstance(DirectConstructorHandleAccessor.java:67)


# Created at 2023-02-22T22:26:42.145
Unexpected IOException with stream: 	at java.base/java.lang.reflect.Constructor.newInstanceWithCaller(Constructor.java:500)


# Created at 2023-02-22T22:26:42.145
Unexpected IOException with stream: 	at java.base/java.lang.reflect.Constructor.newInstance(Constructor.java:484)


# Created at 2023-02-22T22:26:42.145
Unexpected IOException with stream: 	at org.openqa.selenium.remote.http.W3CHttpResponseCodec.createException(W3CHttpResponseCodec.java:187)


# Created at 2023-02-22T22:26:42.145
Unexpected IOException with stream: 	at org.openqa.selenium.remote.http.W3CHttpResponseCodec.decode(W3CHttpResponseCodec.java:122)


# Created at 2023-02-22T22:26:42.145
Unexpected IOException with stream: 	at org.openqa.selenium.remote.http.W3CHttpResponseCodec.decode(W3CHttpResponseCodec.java:49)


# Created at 2023-02-22T22:26:42.145
Unexpected IOException with stream: 	at org.openqa.selenium.remote.HttpCommandExecutor.execute(HttpCommandExecutor.java:158)


# Created at 2023-02-22T22:26:42.145
Unexpected IOException with stream: 	at org.openqa.selenium.remote.service.DriverCommandExecutor.execute(DriverCommandExecutor.java:83)


# Created at 2023-02-22T22:26:42.145
Unexpected IOException with stream: 	at org.openqa.selenium.remote.RemoteWebDriver.execute(RemoteWebDriver.java:552)


# Created at 2023-02-22T22:26:42.150
Unexpected IOException with stream: 	at org.openqa.selenium.remote.RemoteWebDriver.execute(RemoteWebDriver.java:609)


# Created at 2023-02-22T22:26:42.150
Unexpected IOException with stream: 	at org.openqa.selenium.remote.RemoteWebDriver.getScreenshotAs(RemoteWebDriver.java:295)


# Created at 2023-02-22T22:26:42.150
Unexpected IOException with stream: 	at com.vytrack.step_definitions.Hooks.tearDown(Hooks.java:22)


# Created at 2023-02-22T22:26:42.150
Unexpected IOException with stream: 


# Created at 2023-02-22T22:26:42.150
Unexpected IOException with stream: org.openqa.selenium.NoSuchWindowException: no such window: target window already closed
from unknown error: web view not found
  (Session info: chrome=110.0.5481.104)
Build info: version: '3.141.59', revision: 'e82be7d358', time: '2018-11-14T08:17:03'
System info: host: 'TABLET-7QLDR4EO', ip: '192.168.8.180', os.name: 'Windows 11', os.arch: 'amd64', os.version: '10.0', java.version: '19.0.2'
Driver info: org.openqa.selenium.chrome.ChromeDriver
Capabilities {acceptInsecureCerts: false, browserName: chrome, browserVersion: 110.0.5481.104, chrome: {chromedriverVersion: 110.0.5481.77 (65ed616c6e8e..., userDataDir: C:\Users\AKSUMU~1\AppData\L...}, goog:chromeOptions: {debuggerAddress: localhost:58227}, javascriptEnabled: true, networkConnectionEnabled: false, pageLoadStrategy: normal, platform: WINDOWS, platformName: WINDOWS, proxy: Proxy(), setWindowRect: true, strictFileInteractability: false, timeouts: {implicit: 0, pageLoad: 300000, script: 30000}, unhandledPromptBehavior: dismiss and notify, webauthn:extension:credBlob: true, webauthn:extension:largeBlob: true, webauthn:virtualAuthenticators: true}
Session ID: cb94ecce79161d4979b584a7619dc92e


# Created at 2023-02-22T22:26:42.150
Unexpected IOException with stream: 	at java.base/jdk.internal.reflect.DirectConstructorHandleAccessor.newInstance(DirectConstructorHandleAccessor.java:67)


# Created at 2023-02-22T22:26:42.150
Unexpected IOException with stream: 	at java.base/java.lang.reflect.Constructor.newInstanceWithCaller(Constructor.java:500)


# Created at 2023-02-22T22:26:42.150
Unexpected IOException with stream: 	at java.base/java.lang.reflect.Constructor.newInstance(Constructor.java:484)


# Created at 2023-02-22T22:26:42.150
Unexpected IOException with stream: 	at org.openqa.selenium.remote.http.W3CHttpResponseCodec.createException(W3CHttpResponseCodec.java:187)


# Created at 2023-02-22T22:26:42.150
Unexpected IOException with stream: 	at org.openqa.selenium.remote.http.W3CHttpResponseCodec.decode(W3CHttpResponseCodec.java:122)


# Created at 2023-02-22T22:26:42.150
Unexpected IOException with stream: 	at org.openqa.selenium.remote.http.W3CHttpResponseCodec.decode(W3CHttpResponseCodec.java:49)


# Created at 2023-02-22T22:26:42.153
Unexpected IOException with stream: 	at org.openqa.selenium.remote.HttpCommandExecutor.execute(HttpCommandExecutor.java:158)


# Created at 2023-02-22T22:26:42.153
Unexpected IOException with stream: 	at org.openqa.selenium.remote.service.DriverCommandExecutor.execute(DriverCommandExecutor.java:83)


# Created at 2023-02-22T22:26:42.153
Unexpected IOException with stream: 	at org.openqa.selenium.remote.RemoteWebDriver.execute(RemoteWebDriver.java:552)


# Created at 2023-02-22T22:26:42.153
Unexpected IOException with stream: 	at org.openqa.selenium.remote.RemoteWebDriver.execute(RemoteWebDriver.java:609)


# Created at 2023-02-22T22:26:42.153
Unexpected IOException with stream: 	at org.openqa.selenium.remote.RemoteWebDriver$RemoteWebDriverOptions$RemoteWindow.maximize(RemoteWebDriver.java:837)


# Created at 2023-02-22T22:26:42.153
Unexpected IOException with stream: 	at com.vytrack.step_definitions.Hooks.setUp(Hooks.java:16)


# Created at 2023-02-22T22:26:42.153
Unexpected IOException with stream: 


# Created at 2023-02-22T22:26:42.153
Unexpected IOException with stream: org.openqa.selenium.NoSuchWindowException: no such window: target window already closed
from unknown error: web view not found
  (Session info: chrome=110.0.5481.104)
Build info: version: '3.141.59', revision: 'e82be7d358', time: '2018-11-14T08:17:03'
System info: host: 'TABLET-7QLDR4EO', ip: '192.168.8.180', os.name: 'Windows 11', os.arch: 'amd64', os.version: '10.0', java.version: '19.0.2'
Driver info: org.openqa.selenium.chrome.ChromeDriver
Capabilities {acceptInsecureCerts: false, browserName: chrome, browserVersion: 110.0.5481.104, chrome: {chromedriverVersion: 110.0.5481.77 (65ed616c6e8e..., userDataDir: C:\Users\AKSUMU~1\AppData\L...}, goog:chromeOptions: {debuggerAddress: localhost:58227}, javascriptEnabled: true, networkConnectionEnabled: false, pageLoadStrategy: normal, platform: WINDOWS, platformName: WINDOWS, proxy: Proxy(), setWindowRect: true, strictFileInteractability: false, timeouts: {implicit: 0, pageLoad: 300000, script: 30000}, unhandledPromptBehavior: dismiss and notify, webauthn:extension:credBlob: true, webauthn:extension:largeBlob: true, webauthn:virtualAuthenticators: true}
Session ID: cb94ecce79161d4979b584a7619dc92e


# Created at 2023-02-22T22:26:42.153
Unexpected IOException with stream: 	at java.base/jdk.internal.reflect.DirectConstructorHandleAccessor.newInstance(DirectConstructorHandleAccessor.java:67)


# Created at 2023-02-22T22:26:42.153
Unexpected IOException with stream: 	at java.base/java.lang.reflect.Constructor.newInstanceWithCaller(Constructor.java:500)


# Created at 2023-02-22T22:26:42.153
Unexpected IOException with stream: 	at java.base/java.lang.reflect.Constructor.newInstance(Constructor.java:484)


# Created at 2023-02-22T22:26:42.153
Unexpected IOException with stream: 	at org.openqa.selenium.remote.http.W3CHttpResponseCodec.createException(W3CHttpResponseCodec.java:187)


# Created at 2023-02-22T22:26:42.153
Unexpected IOException with stream: 	at org.openqa.selenium.remote.http.W3CHttpResponseCodec.decode(W3CHttpResponseCodec.java:122)


# Created at 2023-02-22T22:26:42.153
Unexpected IOException with stream: 	at org.openqa.selenium.remote.http.W3CHttpResponseCodec.decode(W3CHttpResponseCodec.java:49)


# Created at 2023-02-22T22:26:42.153
Unexpected IOException with stream: 	at org.openqa.selenium.remote.HttpCommandExecutor.execute(HttpCommandExecutor.java:158)


# Created at 2023-02-22T22:26:42.153
Unexpected IOException with stream: 	at org.openqa.selenium.remote.service.DriverCommandExecutor.execute(DriverCommandExecutor.java:83)


# Created at 2023-02-22T22:26:42.153
Unexpected IOException with stream: 	at org.openqa.selenium.remote.RemoteWebDriver.execute(RemoteWebDriver.java:552)


# Created at 2023-02-22T22:26:42.153
Unexpected IOException with stream: 	at org.openqa.selenium.remote.RemoteWebDriver.execute(RemoteWebDriver.java:609)


# Created at 2023-02-22T22:26:42.153
Unexpected IOException with stream: 	at org.openqa.selenium.remote.RemoteWebDriver.getScreenshotAs(RemoteWebDriver.java:295)


# Created at 2023-02-22T22:26:42.153
Unexpected IOException with stream: 	at com.vytrack.step_definitions.Hooks.tearDown(Hooks.java:22)


# Created at 2023-02-22T22:26:42.153
Unexpected IOException with stream: 


# Created at 2023-02-22T22:26:42.153
Unexpected IOException with stream: org.openqa.selenium.NoSuchWindowException: no such window: target window already closed
from unknown error: web view not found
  (Session info: chrome=110.0.5481.104)
Build info: version: '3.141.59', revision: 'e82be7d358', time: '2018-11-14T08:17:03'
System info: host: 'TABLET-7QLDR4EO', ip: '192.168.8.180', os.name: 'Windows 11', os.arch: 'amd64', os.version: '10.0', java.version: '19.0.2'
Driver info: org.openqa.selenium.chrome.ChromeDriver
Capabilities {acceptInsecureCerts: false, browserName: chrome, browserVersion: 110.0.5481.104, chrome: {chromedriverVersion: 110.0.5481.77 (65ed616c6e8e..., userDataDir: C:\Users\AKSUMU~1\AppData\L...}, goog:chromeOptions: {debuggerAddress: localhost:58227}, javascriptEnabled: true, networkConnectionEnabled: false, pageLoadStrategy: normal, platform: WINDOWS, platformName: WINDOWS, proxy: Proxy(), setWindowRect: true, strictFileInteractability: false, timeouts: {implicit: 0, pageLoad: 300000, script: 30000}, unhandledPromptBehavior: dismiss and notify, webauthn:extension:credBlob: true, webauthn:extension:largeBlob: true, webauthn:virtualAuthenticators: true}
Session ID: cb94ecce79161d4979b584a7619dc92e


# Created at 2023-02-22T22:26:42.153
Unexpected IOException with stream: 	at java.base/jdk.internal.reflect.DirectConstructorHandleAccessor.newInstance(DirectConstructorHandleAccessor.java:67)


# Created at 2023-02-22T22:26:42.153
Unexpected IOException with stream: 	at java.base/java.lang.reflect.Constructor.newInstanceWithCaller(Constructor.java:500)


# Created at 2023-02-22T22:26:42.153
Unexpected IOException with stream: 	at java.base/java.lang.reflect.Constructor.newInstance(Constructor.java:484)


# Created at 2023-02-22T22:26:42.153
Unexpected IOException with stream: 	at org.openqa.selenium.remote.http.W3CHttpResponseCodec.createException(W3CHttpResponseCodec.java:187)


# Created at 2023-02-22T22:26:42.153
Unexpected IOException with stream: 	at org.openqa.selenium.remote.http.W3CHttpResponseCodec.decode(W3CHttpResponseCodec.java:122)


# Created at 2023-02-22T22:26:42.153
Unexpected IOException with stream: 	at org.openqa.selenium.remote.http.W3CHttpResponseCodec.decode(W3CHttpResponseCodec.java:49)


# Created at 2023-02-22T22:26:42.153
Unexpected IOException with stream: 	at org.openqa.selenium.remote.HttpCommandExecutor.execute(HttpCommandExecutor.java:158)


# Created at 2023-02-22T22:26:42.153
Unexpected IOException with stream: 	at org.openqa.selenium.remote.service.DriverCommandExecutor.execute(DriverCommandExecutor.java:83)


# Created at 2023-02-22T22:26:42.153
Unexpected IOException with stream: 	at org.openqa.selenium.remote.RemoteWebDriver.execute(RemoteWebDriver.java:552)


# Created at 2023-02-22T22:26:42.153
Unexpected IOException with stream: 	at org.openqa.selenium.remote.RemoteWebDriver.execute(RemoteWebDriver.java:609)


# Created at 2023-02-22T22:26:42.153
Unexpected IOException with stream: 	at org.openqa.selenium.remote.RemoteWebDriver$RemoteWebDriverOptions$RemoteWindow.maximize(RemoteWebDriver.java:837)


# Created at 2023-02-22T22:26:42.161
Unexpected IOException with stream: 	at com.vytrack.step_definitions.Hooks.setUp(Hooks.java:16)


# Created at 2023-02-22T22:26:42.161
Unexpected IOException with stream: 


# Created at 2023-02-22T22:26:42.161
Unexpected IOException with stream: org.openqa.selenium.NoSuchWindowException: no such window: target window already closed
from unknown error: web view not found
  (Session info: chrome=110.0.5481.104)
Build info: version: '3.141.59', revision: 'e82be7d358', time: '2018-11-14T08:17:03'
System info: host: 'TABLET-7QLDR4EO', ip: '192.168.8.180', os.name: 'Windows 11', os.arch: 'amd64', os.version: '10.0', java.version: '19.0.2'
Driver info: org.openqa.selenium.chrome.ChromeDriver
Capabilities {acceptInsecureCerts: false, browserName: chrome, browserVersion: 110.0.5481.104, chrome: {chromedriverVersion: 110.0.5481.77 (65ed616c6e8e..., userDataDir: C:\Users\AKSUMU~1\AppData\L...}, goog:chromeOptions: {debuggerAddress: localhost:58227}, javascriptEnabled: true, networkConnectionEnabled: false, pageLoadStrategy: normal, platform: WINDOWS, platformName: WINDOWS, proxy: Proxy(), setWindowRect: true, strictFileInteractability: false, timeouts: {implicit: 0, pageLoad: 300000, script: 30000}, unhandledPromptBehavior: dismiss and notify, webauthn:extension:credBlob: true, webauthn:extension:largeBlob: true, webauthn:virtualAuthenticators: true}
Session ID: cb94ecce79161d4979b584a7619dc92e


# Created at 2023-02-22T22:26:42.161
Unexpected IOException with stream: 	at java.base/jdk.internal.reflect.DirectConstructorHandleAccessor.newInstance(DirectConstructorHandleAccessor.java:67)


# Created at 2023-02-22T22:26:42.161
Unexpected IOException with stream: 	at java.base/java.lang.reflect.Constructor.newInstanceWithCaller(Constructor.java:500)


# Created at 2023-02-22T22:26:42.162
Unexpected IOException with stream: 	at java.base/java.lang.reflect.Constructor.newInstance(Constructor.java:484)


# Created at 2023-02-22T22:26:42.162
Unexpected IOException with stream: 	at org.openqa.selenium.remote.http.W3CHttpResponseCodec.createException(W3CHttpResponseCodec.java:187)


# Created at 2023-02-22T22:26:42.162
Unexpected IOException with stream: 	at org.openqa.selenium.remote.http.W3CHttpResponseCodec.decode(W3CHttpResponseCodec.java:122)


# Created at 2023-02-22T22:26:42.162
Unexpected IOException with stream: 	at org.openqa.selenium.remote.http.W3CHttpResponseCodec.decode(W3CHttpResponseCodec.java:49)


# Created at 2023-02-22T22:26:42.162
Unexpected IOException with stream: 	at org.openqa.selenium.remote.HttpCommandExecutor.execute(HttpCommandExecutor.java:158)


# Created at 2023-02-22T22:26:42.162
Unexpected IOException with stream: 	at org.openqa.selenium.remote.service.DriverCommandExecutor.execute(DriverCommandExecutor.java:83)


# Created at 2023-02-22T22:26:42.162
Unexpected IOException with stream: 	at org.openqa.selenium.remote.RemoteWebDriver.execute(RemoteWebDriver.java:552)


# Created at 2023-02-22T22:26:42.162
Unexpected IOException with stream: 	at org.openqa.selenium.remote.RemoteWebDriver.execute(RemoteWebDriver.java:609)


# Created at 2023-02-22T22:26:42.162
Unexpected IOException with stream: 	at org.openqa.selenium.remote.RemoteWebDriver.getScreenshotAs(RemoteWebDriver.java:295)


# Created at 2023-02-22T22:26:42.162
Unexpected IOException with stream: 	at com.vytrack.step_definitions.Hooks.tearDown(Hooks.java:22)


# Created at 2023-02-22T22:26:42.162
Unexpected IOException with stream: 


# Created at 2023-02-22T22:26:42.162
Unexpected IOException with stream: 


# Created at 2023-02-22T22:26:42.162
Unexpected IOException: 2,1,org.apache.maven.surefire.junit4.JUnit4Provider,com.vytrack.runners.CukesRunner,null,null,null


