-------------------------------------------------------------------------------
Test set: Account types
-------------------------------------------------------------------------------
Tests run: 2, Failures: 1, Errors: 0, Skipped: 0, Time elapsed: 26.646 s <<< FAILURE! - in Account types
Sales manager user(Account types)  Time elapsed: 14.571 s  <<< FAILURE!
java.lang.AssertionError: Actual Title: Accounts - Customers

