-------------------------------------------------------------------------------
Test set: com.vytrack.runners.FailedTestRunner
-------------------------------------------------------------------------------
Tests run: 1, Failures: 1, Errors: 0, Skipped: 0, Time elapsed: 17.137 s <<< FAILURE! - in com.vytrack.runners.FailedTestRunner
Sales manager user(Account types)  Time elapsed: 17.123 s  <<< FAILURE!
java.lang.AssertionError: Actual Title: Accounts - Customers

